# JRE version: Java(TM) SE Runtime Environment (7.0_67-b01) (build 1.7.0_67-b01)
# Java VM: Java HotSpot(TM) Client VM (24.65-b04 mixed mode linux-x86 )
Heap
 def new generation   total 77440K, used 77439K [0xa1a00000, 0xa6e00000, 0xa6e00000)
  eden space 68864K, 100% used [0xa1a00000, 0xa5d40000, 0xa5d40000)
  from space 8576K,  99% used [0xa5d40000, 0xa659ffc0, 0xa65a0000)
  to   space 8576K,   0% used [0xa65a0000, 0xa65a0000, 0xa6e00000)
 tenured generation   total 172032K, used 172032K [0xa6e00000, 0xb1600000, 0xb1600000)
   the space 172032K, 100% used [0xa6e00000, 0xb1600000, 0xb1600000, 0xb1600000)
 compacting perm gen  total 18176K, used 18153K [0xb1600000, 0xb27c0000, 0xb5600000)
   the space 18176K,  99% used [0xb1600000, 0xb27ba600, 0xb27ba600, 0xb27c0000)
GC Heap History (10 events):
Event: 151.839 GC heap after
Heap after GC invocations=486 (full 49):
 def new generation   total 77440K, used 6161K [0xa1a00000, 0xa6e00000, 0xa6e00000)
  eden space 68864K,   8% used [0xa1a00000, 0xa2004670, 0xa5d40000)
  from space 8576K,   0% used [0xa5d40000, 0xa5d40000, 0xa65a0000)
  to   space 8576K,   0% used [0xa65a0000, 0xa65a0000, 0xa6e00000)
 tenured generation   total 172032K, used 172031K [0xa6e00000, 0xb1600000, 0xb1600000)
   the space 172032K,  99% used [0xa6e00000, 0xb15fffb8, 0xb1600000, 0xb1600000)
 compacting perm gen  total 18176K, used 18153K [0xb1600000, 0xb27c0000, 0xb5600000)
   the space 18176K,  99% used [0xb1600000, 0xb27ba600, 0xb27ba600, 0xb27c0000)
No shared spaces configured.
}
Event: 152.177 GC heap before
{Heap before GC invocations=486 (full 49):
 def new generation   total 77440K, used 77440K [0xa1a00000, 0xa6e00000, 0xa6e00000)
  eden space 68864K, 100% used [0xa1a00000, 0xa5d40000, 0xa5d40000)
  from space 8576K, 100% used [0xa5d40000, 0xa65a0000, 0xa65a0000)
  to   space 8576K,   0% used [0xa65a0000, 0xa65a0000, 0xa6e00000)
 tenured generation   total 172032K, used 172031K [0xa6e00000, 0xb1600000, 0xb1600000)
   the space 172032K,  99% used [0xa6e00000, 0xb15fffd0, 0xb1600000, 0xb1600000)
 compacting perm gen  total 18176K, used 18153K [0xb1600000, 0xb27c0000, 0xb5600000)
   the space 18176K,  99% used [0xb1600000, 0xb27ba600, 0xb27ba600, 0xb27c0000)
No shared spaces configured.
Event: 152.535 GC heap after
Heap after GC invocations=487 (full 50):
 def new generation   total 77440K, used 4525K [0xa1a00000, 0xa6e00000, 0xa6e00000)
  eden space 68864K,   6% used [0xa1a00000, 0xa1e6b660, 0xa5d40000)
  from space 8576K,   0% used [0xa5d40000, 0xa5d40000, 0xa65a0000)
  to   space 8576K,   0% used [0xa65a0000, 0xa65a0000, 0xa6e00000)
 tenured generation   total 172032K, used 172031K [0xa6e00000, 0xb1600000, 0xb1600000)
   the space 172032K,  99% used [0xa6e00000, 0xb15fffd0, 0xb1600000, 0xb1600000)
 compacting perm gen  total 18176K, used 18153K [0xb1600000, 0xb27c0000, 0xb5600000)
   the space 18176K,  99% used [0xb1600000, 0xb27ba600, 0xb27ba600, 0xb27c0000)
No shared spaces configured.
}
Event: 152.878 GC heap before
{Heap before GC invocations=487 (full 50):
 def new generation   total 77440K, used 77439K [0xa1a00000, 0xa6e00000, 0xa6e00000)
  eden space 68864K, 100% used [0xa1a00000, 0xa5d40000, 0xa5d40000)
  from space 8576K,  99% used [0xa5d40000, 0xa659fff8, 0xa65a0000)
  to   space 8576K,   0% used [0xa65a0000, 0xa65a0000, 0xa6e00000)
 tenured generation   total 172032K, used 172032K [0xa6e00000, 0xb1600000, 0xb1600000)
   the space 172032K, 100% used [0xa6e00000, 0xb1600000, 0xb1600000, 0xb1600000)
 compacting perm gen  total 18176K, used 18153K [0xb1600000, 0xb27c0000, 0xb5600000)
   the space 18176K,  99% used [0xb1600000, 0xb27ba600, 0xb27ba600, 0xb27c0000)
No shared spaces configured.
Event: 153.239 GC heap after
Heap after GC invocations=488 (full 51):
 def new generation   total 77440K, used 5486K [0xa1a00000, 0xa6e00000, 0xa6e00000)
  eden space 68864K,   7% used [0xa1a00000, 0xa1f5bb48, 0xa5d40000)
  from space 8576K,   0% used [0xa5d40000, 0xa5d40000, 0xa65a0000)
  to   space 8576K,   0% used [0xa65a0000, 0xa65a0000, 0xa6e00000)
 tenured generation   total 172032K, used 172032K [0xa6e00000, 0xb1600000, 0xb1600000)
   the space 172032K, 100% used [0xa6e00000, 0xb1600000, 0xb1600000, 0xb1600000)
 compacting perm gen  total 18176K, used 18153K [0xb1600000, 0xb27c0000, 0xb5600000)
   the space 18176K,  99% used [0xb1600000, 0xb27ba600, 0xb27ba600, 0xb27c0000)
No shared spaces configured.
}
Event: 153.557 GC heap before
{Heap before GC invocations=488 (full 51):
 def new generation   total 77440K, used 77439K [0xa1a00000, 0xa6e00000, 0xa6e00000)
  eden space 68864K, 100% used [0xa1a00000, 0xa5d40000, 0xa5d40000)
  from space 8576K,  99% used [0xa5d40000, 0xa659fff8, 0xa65a0000)
  to   space 8576K,   0% used [0xa65a0000, 0xa65a0000, 0xa6e00000)
 tenured generation   total 172032K, used 172032K [0xa6e00000, 0xb1600000, 0xb1600000)
   the space 172032K, 100% used [0xa6e00000, 0xb1600000, 0xb1600000, 0xb1600000)
 compacting perm gen  total 18176K, used 18153K [0xb1600000, 0xb27c0000, 0xb5600000)
   the space 18176K,  99% used [0xb1600000, 0xb27ba600, 0xb27ba600, 0xb27c0000)
No shared spaces configured.
Event: 153.982 GC heap after
Heap after GC invocations=489 (full 52):
 def new generation   total 77440K, used 6805K [0xa1a00000, 0xa6e00000, 0xa6e00000)
  eden space 68864K,   9% used [0xa1a00000, 0xa20a55b8, 0xa5d40000)
  from space 8576K,   0% used [0xa5d40000, 0xa5d40000, 0xa65a0000)
  to   space 8576K,   0% used [0xa65a0000, 0xa65a0000, 0xa6e00000)
 tenured generation   total 172032K, used 172032K [0xa6e00000, 0xb1600000, 0xb1600000)
   the space 172032K, 100% used [0xa6e00000, 0xb1600000, 0xb1600000, 0xb1600000)
 compacting perm gen  total 18176K, used 18153K [0xb1600000, 0xb27c0000, 0xb5600000)
   the space 18176K,  99% used [0xb1600000, 0xb27ba600, 0xb27ba600, 0xb27c0000)
No shared spaces configured.
}
Event: 154.314 GC heap before
{Heap before GC invocations=489 (full 52):
 def new generation   total 77440K, used 77439K [0xa1a00000, 0xa6e00000, 0xa6e00000)
  eden space 68864K, 100% used [0xa1a00000, 0xa5d40000, 0xa5d40000)
  from space 8576K,  99% used [0xa5d40000, 0xa659fff8, 0xa65a0000)
  to   space 8576K,   0% used [0xa65a0000, 0xa65a0000, 0xa6e00000)
 tenured generation   total 172032K, used 172032K [0xa6e00000, 0xb1600000, 0xb1600000)
   the space 172032K, 100% used [0xa6e00000, 0xb1600000, 0xb1600000, 0xb1600000)
 compacting perm gen  total 18176K, used 18153K [0xb1600000, 0xb27c0000, 0xb5600000)
   the space 18176K,  99% used [0xb1600000, 0xb27ba600, 0xb27ba600, 0xb27c0000)
No shared spaces configured.
Event: 154.673 GC heap after
Heap after GC invocations=490 (full 53):
 def new generation   total 77440K, used 4353K [0xa1a00000, 0xa6e00000, 0xa6e00000)
  eden space 68864K,   6% used [0xa1a00000, 0xa1e40778, 0xa5d40000)
  from space 8576K,   0% used [0xa5d40000, 0xa5d40000, 0xa65a0000)
  to   space 8576K,   0% used [0xa65a0000, 0xa65a0000, 0xa6e00000)
 tenured generation   total 172032K, used 172032K [0xa6e00000, 0xb1600000, 0xb1600000)
   the space 172032K, 100% used [0xa6e00000, 0xb1600000, 0xb1600000, 0xb1600000)
 compacting perm gen  total 18176K, used 18153K [0xb1600000, 0xb27c0000, 0xb5600000)
   the space 18176K,  99% used [0xb1600000, 0xb27ba600, 0xb27ba600, 0xb27c0000)
No shared spaces configured.
}
Event: 155.053 GC heap before
{Heap before GC invocations=490 (full 53):
 def new generation   total 77440K, used 77439K [0xa1a00000, 0xa6e00000, 0xa6e00000)
  eden space 68864K, 100% used [0xa1a00000, 0xa5d40000, 0xa5d40000)
  from space 8576K,  99% used [0xa5d40000, 0xa659ffc0, 0xa65a0000)
  to   space 8576K,   0% used [0xa65a0000, 0xa65a0000, 0xa6e00000)
 tenured generation   total 172032K, used 172032K [0xa6e00000, 0xb1600000, 0xb1600000)
   the space 172032K, 100% used [0xa6e00000, 0xb1600000, 0xb1600000, 0xb1600000)
 compacting perm gen  total 18176K, used 18153K [0xb1600000, 0xb27c0000, 0xb5600000)
   the space 18176K,  99% used [0xb1600000, 0xb27ba600, 0xb27ba600, 0xb27c0000)
No shared spaces configured.

