# JRE version: Java(TM) SE Runtime Environment (7.0_67-b01) (build 1.7.0_67-b01)
# Java VM: Java HotSpot(TM) Client VM (24.65-b04 mixed mode linux-x86 )
Heap
 def new generation   total 77440K, used 77416K [0x85800000, 0x8ac00000, 0x8ac00000)
  eden space 68864K, 100% used [0x85800000, 0x89b40000, 0x89b40000)
  from space 8576K,  99% used [0x89b40000, 0x8a39a378, 0x8a3a0000)
  to   space 8576K,   0% used [0x8a3a0000, 0x8a3a0000, 0x8ac00000)
 tenured generation   total 172032K, used 172031K [0x8ac00000, 0x95400000, 0x95400000)
   the space 172032K,  99% used [0x8ac00000, 0x953ffed0, 0x95400000, 0x95400000)
 compacting perm gen  total 42240K, used 42057K [0x95400000, 0x97d40000, 0xb5400000)
   the space 42240K,  99% used [0x95400000, 0x97d12758, 0x97d12800, 0x97d40000)
GC Heap History (10 events):
Event: 494.128 GC heap after
Heap after GC invocations=653 (full 201):
 def new generation   total 77440K, used 52745K [0x85800000, 0x8ac00000, 0x8ac00000)
  eden space 68864K,  76% used [0x85800000, 0x88b82520, 0x89b40000)
  from space 8576K,   0% used [0x89b40000, 0x89b40000, 0x8a3a0000)
  to   space 8576K,   0% used [0x8a3a0000, 0x8a3a0000, 0x8ac00000)
 tenured generation   total 172032K, used 172031K [0x8ac00000, 0x95400000, 0x95400000)
   the space 172032K,  99% used [0x8ac00000, 0x953fff20, 0x95400000, 0x95400000)
 compacting perm gen  total 42240K, used 42057K [0x95400000, 0x97d40000, 0xb5400000)
   the space 42240K,  99% used [0x95400000, 0x97d12758, 0x97d12800, 0x97d40000)
No shared spaces configured.
}
Event: 494.155 GC heap before
{Heap before GC invocations=653 (full 201):
 def new generation   total 77440K, used 77440K [0x85800000, 0x8ac00000, 0x8ac00000)
  eden space 68864K, 100% used [0x85800000, 0x89b40000, 0x89b40000)
  from space 8576K, 100% used [0x89b40000, 0x8a3a0000, 0x8a3a0000)
  to   space 8576K,   0% used [0x8a3a0000, 0x8a3a0000, 0x8ac00000)
 tenured generation   total 172032K, used 172031K [0x8ac00000, 0x95400000, 0x95400000)
   the space 172032K,  99% used [0x8ac00000, 0x953fffc8, 0x95400000, 0x95400000)
 compacting perm gen  total 42240K, used 42057K [0x95400000, 0x97d40000, 0xb5400000)
   the space 42240K,  99% used [0x95400000, 0x97d12758, 0x97d12800, 0x97d40000)
No shared spaces configured.
Event: 494.597 GC heap after
Heap after GC invocations=654 (full 202):
 def new generation   total 77440K, used 54291K [0x85800000, 0x8ac00000, 0x8ac00000)
  eden space 68864K,  78% used [0x85800000, 0x88d04fc8, 0x89b40000)
  from space 8576K,   0% used [0x89b40000, 0x89b40000, 0x8a3a0000)
  to   space 8576K,   0% used [0x8a3a0000, 0x8a3a0000, 0x8ac00000)
 tenured generation   total 172032K, used 172031K [0x8ac00000, 0x95400000, 0x95400000)
   the space 172032K,  99% used [0x8ac00000, 0x953fffc8, 0x95400000, 0x95400000)
 compacting perm gen  total 42240K, used 42057K [0x95400000, 0x97d40000, 0xb5400000)
   the space 42240K,  99% used [0x95400000, 0x97d12758, 0x97d12800, 0x97d40000)
No shared spaces configured.
}
Event: 494.979 GC heap before
{Heap before GC invocations=654 (full 202):
 def new generation   total 77440K, used 77439K [0x85800000, 0x8ac00000, 0x8ac00000)
  eden space 68864K, 100% used [0x85800000, 0x89b40000, 0x89b40000)
  from space 8576K,  99% used [0x89b40000, 0x8a39fde8, 0x8a3a0000)
  to   space 8576K,   0% used [0x8a3a0000, 0x8a3a0000, 0x8ac00000)
 tenured generation   total 172032K, used 172031K [0x8ac00000, 0x95400000, 0x95400000)
   the space 172032K,  99% used [0x8ac00000, 0x953fffc8, 0x95400000, 0x95400000)
 compacting perm gen  total 42240K, used 42057K [0x95400000, 0x97d40000, 0xb5400000)
   the space 42240K,  99% used [0x95400000, 0x97d12758, 0x97d12800, 0x97d40000)
No shared spaces configured.
Event: 495.402 GC heap after
Heap after GC invocations=655 (full 203):
 def new generation   total 77440K, used 32200K [0x85800000, 0x8ac00000, 0x8ac00000)
  eden space 68864K,  46% used [0x85800000, 0x87772060, 0x89b40000)
  from space 8576K,   0% used [0x89b40000, 0x89b40000, 0x8a3a0000)
  to   space 8576K,   0% used [0x8a3a0000, 0x8a3a0000, 0x8ac00000)
 tenured generation   total 172032K, used 172031K [0x8ac00000, 0x95400000, 0x95400000)
   the space 172032K,  99% used [0x8ac00000, 0x953fffc8, 0x95400000, 0x95400000)
 compacting perm gen  total 42240K, used 42057K [0x95400000, 0x97d40000, 0xb5400000)
   the space 42240K,  99% used [0x95400000, 0x97d12758, 0x97d12800, 0x97d40000)
No shared spaces configured.
}
Event: 495.862 GC heap before
{Heap before GC invocations=655 (full 203):
 def new generation   total 77440K, used 77439K [0x85800000, 0x8ac00000, 0x8ac00000)
  eden space 68864K, 100% used [0x85800000, 0x89b40000, 0x89b40000)
  from space 8576K,  99% used [0x89b40000, 0x8a39ffc8, 0x8a3a0000)
  to   space 8576K,   0% used [0x8a3a0000, 0x8a3a0000, 0x8ac00000)
 tenured generation   total 172032K, used 172031K [0x8ac00000, 0x95400000, 0x95400000)
   the space 172032K,  99% used [0x8ac00000, 0x953fffc8, 0x95400000, 0x95400000)
 compacting perm gen  total 42240K, used 42057K [0x95400000, 0x97d40000, 0xb5400000)
   the space 42240K,  99% used [0x95400000, 0x97d12758, 0x97d12800, 0x97d40000)
No shared spaces configured.
Event: 496.369 GC heap after
Heap after GC invocations=656 (full 204):
 def new generation   total 77440K, used 34470K [0x85800000, 0x8ac00000, 0x8ac00000)
  eden space 68864K,  50% used [0x85800000, 0x879a9a00, 0x89b40000)
  from space 8576K,   0% used [0x89b40000, 0x89b40000, 0x8a3a0000)
  to   space 8576K,   0% used [0x8a3a0000, 0x8a3a0000, 0x8ac00000)
 tenured generation   total 172032K, used 172031K [0x8ac00000, 0x95400000, 0x95400000)
   the space 172032K,  99% used [0x8ac00000, 0x953ffed0, 0x95400000, 0x95400000)
 compacting perm gen  total 42240K, used 42057K [0x95400000, 0x97d40000, 0xb5400000)
   the space 42240K,  99% used [0x95400000, 0x97d12758, 0x97d12800, 0x97d40000)
No shared spaces configured.
}
Event: 496.503 GC heap before
{Heap before GC invocations=656 (full 204):
 def new generation   total 77440K, used 77414K [0x85800000, 0x8ac00000, 0x8ac00000)
  eden space 68864K, 100% used [0x85800000, 0x89b40000, 0x89b40000)
  from space 8576K,  99% used [0x89b40000, 0x8a399b90, 0x8a3a0000)
  to   space 8576K,   0% used [0x8a3a0000, 0x8a3a0000, 0x8ac00000)
 tenured generation   total 172032K, used 172031K [0x8ac00000, 0x95400000, 0x95400000)
   the space 172032K,  99% used [0x8ac00000, 0x953ffed0, 0x95400000, 0x95400000)
 compacting perm gen  total 42240K, used 42057K [0x95400000, 0x97d40000, 0xb5400000)
   the space 42240K,  99% used [0x95400000, 0x97d12758, 0x97d12800, 0x97d40000)
No shared spaces configured.
Event: 496.922 GC heap after
Heap after GC invocations=657 (full 205):
 def new generation   total 77440K, used 39630K [0x85800000, 0x8ac00000, 0x8ac00000)
  eden space 68864K,  57% used [0x85800000, 0x87eb3890, 0x89b40000)
  from space 8576K,   0% used [0x89b40000, 0x89b40000, 0x8a3a0000)
  to   space 8576K,   0% used [0x8a3a0000, 0x8a3a0000, 0x8ac00000)
 tenured generation   total 172032K, used 172031K [0x8ac00000, 0x95400000, 0x95400000)
   the space 172032K,  99% used [0x8ac00000, 0x953ffed0, 0x95400000, 0x95400000)
 compacting perm gen  total 42240K, used 42057K [0x95400000, 0x97d40000, 0xb5400000)
   the space 42240K,  99% used [0x95400000, 0x97d12758, 0x97d12800, 0x97d40000)
No shared spaces configured.
}
Event: 496.996 GC heap before
{Heap before GC invocations=657 (full 205):
 def new generation   total 77440K, used 77416K [0x85800000, 0x8ac00000, 0x8ac00000)
  eden space 68864K, 100% used [0x85800000, 0x89b40000, 0x89b40000)
  from space 8576K,  99% used [0x89b40000, 0x8a39a378, 0x8a3a0000)
  to   space 8576K,   0% used [0x8a3a0000, 0x8a3a0000, 0x8ac00000)
 tenured generation   total 172032K, used 172031K [0x8ac00000, 0x95400000, 0x95400000)
   the space 172032K,  99% used [0x8ac00000, 0x953ffed0, 0x95400000, 0x95400000)
 compacting perm gen  total 42240K, used 42057K [0x95400000, 0x97d40000, 0xb5400000)
   the space 42240K,  99% used [0x95400000, 0x97d12758, 0x97d12800, 0x97d40000)
No shared spaces configured.

