# JRE version: Java(TM) SE Runtime Environment (7.0_67-b01) (build 1.7.0_67-b01)
# Java VM: Java HotSpot(TM) Client VM (24.65-b04 mixed mode linux-x86 )
Heap
 def new generation   total 77440K, used 77440K [0xa1800000, 0xa6c00000, 0xa6c00000)
  eden space 68864K, 100% used [0xa1800000, 0xa5b40000, 0xa5b40000)
  from space 8576K, 100% used [0xa5b40000, 0xa63a0000, 0xa63a0000)
  to   space 8576K,   0% used [0xa63a0000, 0xa63a0000, 0xa6c00000)
 tenured generation   total 172032K, used 172031K [0xa6c00000, 0xb1400000, 0xb1400000)
   the space 172032K,  99% used [0xa6c00000, 0xb13ffff8, 0xb1400000, 0xb1400000)
 compacting perm gen  total 43520K, used 43278K [0xb1400000, 0xb3e80000, 0xb5400000)
   the space 43520K,  99% used [0xb1400000, 0xb3e43880, 0xb3e43a00, 0xb3e80000)
GC Heap History (10 events):
Event: 282.607 GC heap after
Heap after GC invocations=591 (full 126):
 def new generation   total 77440K, used 15783K [0xa1800000, 0xa6c00000, 0xa6c00000)
  eden space 68864K,  22% used [0xa1800000, 0xa2769fb0, 0xa5b40000)
  from space 8576K,   0% used [0xa5b40000, 0xa5b40000, 0xa63a0000)
  to   space 8576K,   0% used [0xa63a0000, 0xa63a0000, 0xa6c00000)
 tenured generation   total 172032K, used 172032K [0xa6c00000, 0xb1400000, 0xb1400000)
   the space 172032K, 100% used [0xa6c00000, 0xb1400000, 0xb1400000, 0xb1400000)
 compacting perm gen  total 43520K, used 43278K [0xb1400000, 0xb3e80000, 0xb5400000)
   the space 43520K,  99% used [0xb1400000, 0xb3e43890, 0xb3e43a00, 0xb3e80000)
No shared spaces configured.
}
Event: 283.658 GC heap before
{Heap before GC invocations=591 (full 126):
 def new generation   total 77440K, used 77439K [0xa1800000, 0xa6c00000, 0xa6c00000)
  eden space 68864K, 100% used [0xa1800000, 0xa5b40000, 0xa5b40000)
  from space 8576K,  99% used [0xa5b40000, 0xa639ffe8, 0xa63a0000)
  to   space 8576K,   0% used [0xa63a0000, 0xa63a0000, 0xa6c00000)
 tenured generation   total 172032K, used 172032K [0xa6c00000, 0xb1400000, 0xb1400000)
   the space 172032K, 100% used [0xa6c00000, 0xb1400000, 0xb1400000, 0xb1400000)
 compacting perm gen  total 43520K, used 43278K [0xb1400000, 0xb3e80000, 0xb5400000)
   the space 43520K,  99% used [0xb1400000, 0xb3e438d0, 0xb3e43a00, 0xb3e80000)
No shared spaces configured.
Event: 284.065 GC heap after
Heap after GC invocations=592 (full 127):
 def new generation   total 77440K, used 16641K [0xa1800000, 0xa6c00000, 0xa6c00000)
  eden space 68864K,  24% used [0xa1800000, 0xa28405c8, 0xa5b40000)
  from space 8576K,   0% used [0xa5b40000, 0xa5b40000, 0xa63a0000)
  to   space 8576K,   0% used [0xa63a0000, 0xa63a0000, 0xa6c00000)
 tenured generation   total 172032K, used 172032K [0xa6c00000, 0xb1400000, 0xb1400000)
   the space 172032K, 100% used [0xa6c00000, 0xb1400000, 0xb1400000, 0xb1400000)
 compacting perm gen  total 43520K, used 43278K [0xb1400000, 0xb3e80000, 0xb5400000)
   the space 43520K,  99% used [0xb1400000, 0xb3e438d0, 0xb3e43a00, 0xb3e80000)
No shared spaces configured.
}
Event: 284.987 GC heap before
{Heap before GC invocations=592 (full 127):
 def new generation   total 77440K, used 77439K [0xa1800000, 0xa6c00000, 0xa6c00000)
  eden space 68864K, 100% used [0xa1800000, 0xa5b40000, 0xa5b40000)
  from space 8576K,  99% used [0xa5b40000, 0xa639fd08, 0xa63a0000)
  to   space 8576K,   0% used [0xa63a0000, 0xa63a0000, 0xa6c00000)
 tenured generation   total 172032K, used 172032K [0xa6c00000, 0xb1400000, 0xb1400000)
   the space 172032K, 100% used [0xa6c00000, 0xb1400000, 0xb1400000, 0xb1400000)
 compacting perm gen  total 43520K, used 43278K [0xb1400000, 0xb3e80000, 0xb5400000)
   the space 43520K,  99% used [0xb1400000, 0xb3e438d0, 0xb3e43a00, 0xb3e80000)
No shared spaces configured.
Event: 285.483 GC heap after
Heap after GC invocations=593 (full 128):
 def new generation   total 77440K, used 17241K [0xa1800000, 0xa6c00000, 0xa6c00000)
  eden space 68864K,  25% used [0xa1800000, 0xa28d67e0, 0xa5b40000)
  from space 8576K,   0% used [0xa5b40000, 0xa5b40000, 0xa63a0000)
  to   space 8576K,   0% used [0xa63a0000, 0xa63a0000, 0xa6c00000)
 tenured generation   total 172032K, used 172028K [0xa6c00000, 0xb1400000, 0xb1400000)
   the space 172032K,  99% used [0xa6c00000, 0xb13ff328, 0xb13ff400, 0xb1400000)
 compacting perm gen  total 43520K, used 43278K [0xb1400000, 0xb3e80000, 0xb5400000)
   the space 43520K,  99% used [0xb1400000, 0xb3e43830, 0xb3e43a00, 0xb3e80000)
No shared spaces configured.
}
Event: 286.474 GC heap before
{Heap before GC invocations=593 (full 128):
 def new generation   total 77440K, used 77439K [0xa1800000, 0xa6c00000, 0xa6c00000)
  eden space 68864K, 100% used [0xa1800000, 0xa5b40000, 0xa5b40000)
  from space 8576K,  99% used [0xa5b40000, 0xa639fff8, 0xa63a0000)
  to   space 8576K,   0% used [0xa63a0000, 0xa63a0000, 0xa6c00000)
 tenured generation   total 172032K, used 172031K [0xa6c00000, 0xb1400000, 0xb1400000)
   the space 172032K,  99% used [0xa6c00000, 0xb13ffff8, 0xb1400000, 0xb1400000)
 compacting perm gen  total 43520K, used 43278K [0xb1400000, 0xb3e80000, 0xb5400000)
   the space 43520K,  99% used [0xb1400000, 0xb3e43870, 0xb3e43a00, 0xb3e80000)
No shared spaces configured.
Event: 286.898 GC heap after
Heap after GC invocations=594 (full 129):
 def new generation   total 77440K, used 18050K [0xa1800000, 0xa6c00000, 0xa6c00000)
  eden space 68864K,  26% used [0xa1800000, 0xa29a0878, 0xa5b40000)
  from space 8576K,   0% used [0xa5b40000, 0xa5b40000, 0xa63a0000)
  to   space 8576K,   0% used [0xa63a0000, 0xa63a0000, 0xa6c00000)
 tenured generation   total 172032K, used 172031K [0xa6c00000, 0xb1400000, 0xb1400000)
   the space 172032K,  99% used [0xa6c00000, 0xb13ffff8, 0xb1400000, 0xb1400000)
 compacting perm gen  total 43520K, used 43278K [0xb1400000, 0xb3e80000, 0xb5400000)
   the space 43520K,  99% used [0xb1400000, 0xb3e43870, 0xb3e43a00, 0xb3e80000)
No shared spaces configured.
}
Event: 287.812 GC heap before
{Heap before GC invocations=594 (full 129):
 def new generation   total 77440K, used 77439K [0xa1800000, 0xa6c00000, 0xa6c00000)
  eden space 68864K, 100% used [0xa1800000, 0xa5b40000, 0xa5b40000)
  from space 8576K,  99% used [0xa5b40000, 0xa639fff0, 0xa63a0000)
  to   space 8576K,   0% used [0xa63a0000, 0xa63a0000, 0xa6c00000)
 tenured generation   total 172032K, used 172031K [0xa6c00000, 0xb1400000, 0xb1400000)
   the space 172032K,  99% used [0xa6c00000, 0xb13ffff8, 0xb1400000, 0xb1400000)
 compacting perm gen  total 43520K, used 43278K [0xb1400000, 0xb3e80000, 0xb5400000)
   the space 43520K,  99% used [0xb1400000, 0xb3e43880, 0xb3e43a00, 0xb3e80000)
No shared spaces configured.
Event: 288.231 GC heap after
Heap after GC invocations=595 (full 130):
 def new generation   total 77440K, used 19688K [0xa1800000, 0xa6c00000, 0xa6c00000)
  eden space 68864K,  28% used [0xa1800000, 0xa2b3a040, 0xa5b40000)
  from space 8576K,   0% used [0xa5b40000, 0xa5b40000, 0xa63a0000)
  to   space 8576K,   0% used [0xa63a0000, 0xa63a0000, 0xa6c00000)
 tenured generation   total 172032K, used 172031K [0xa6c00000, 0xb1400000, 0xb1400000)
   the space 172032K,  99% used [0xa6c00000, 0xb13ffff8, 0xb1400000, 0xb1400000)
 compacting perm gen  total 43520K, used 43278K [0xb1400000, 0xb3e80000, 0xb5400000)
   the space 43520K,  99% used [0xb1400000, 0xb3e43880, 0xb3e43a00, 0xb3e80000)
No shared spaces configured.
}
Event: 288.527 GC heap before
{Heap before GC invocations=595 (full 130):
 def new generation   total 77440K, used 77440K [0xa1800000, 0xa6c00000, 0xa6c00000)
  eden space 68864K, 100% used [0xa1800000, 0xa5b40000, 0xa5b40000)
  from space 8576K, 100% used [0xa5b40000, 0xa63a0000, 0xa63a0000)
  to   space 8576K,   0% used [0xa63a0000, 0xa63a0000, 0xa6c00000)
 tenured generation   total 172032K, used 172031K [0xa6c00000, 0xb1400000, 0xb1400000)
   the space 172032K,  99% used [0xa6c00000, 0xb13ffff8, 0xb1400000, 0xb1400000)
 compacting perm gen  total 43520K, used 43278K [0xb1400000, 0xb3e80000, 0xb5400000)
   the space 43520K,  99% used [0xb1400000, 0xb3e43880, 0xb3e43a00, 0xb3e80000)
No shared spaces configured.

