# JRE version: Java(TM) SE Runtime Environment (7.0_67-b01) (build 1.7.0_67-b01)
# Java VM: Java HotSpot(TM) Client VM (24.65-b04 mixed mode linux-x86 )
Heap
 def new generation   total 77440K, used 68864K [0xa1800000, 0xa6c00000, 0xa6c00000)
  eden space 68864K, 100% used [0xa1800000, 0xa5b40000, 0xa5b40000)
  from space 8576K,   0% used [0xa5b40000, 0xa5b40000, 0xa63a0000)
  to   space 8576K,   0% used [0xa63a0000, 0xa63a0000, 0xa6c00000)
 tenured generation   total 172032K, used 171322K [0xa6c00000, 0xb1400000, 0xb1400000)
   the space 172032K,  99% used [0xa6c00000, 0xb134e9a8, 0xb134ea00, 0xb1400000)
 compacting perm gen  total 18176K, used 18153K [0xb1400000, 0xb25c0000, 0xb5400000)
   the space 18176K,  99% used [0xb1400000, 0xb25ba528, 0xb25ba600, 0xb25c0000)
GC Heap History (10 events):
Event: 140.785 GC heap after
Heap after GC invocations=456 (full 20):
 def new generation   total 77440K, used 4999K [0xa1800000, 0xa6c00000, 0xa6c00000)
  eden space 68864K,   0% used [0xa1800000, 0xa1800000, 0xa5b40000)
  from space 8576K,  58% used [0xa5b40000, 0xa6021ea0, 0xa63a0000)
  to   space 8576K,   0% used [0xa63a0000, 0xa63a0000, 0xa6c00000)
 tenured generation   total 172032K, used 168845K [0xa6c00000, 0xb1400000, 0xb1400000)
   the space 172032K,  98% used [0xa6c00000, 0xb10e3680, 0xb10e3800, 0xb1400000)
 compacting perm gen  total 18176K, used 18153K [0xb1400000, 0xb25c0000, 0xb5400000)
   the space 18176K,  99% used [0xb1400000, 0xb25ba538, 0xb25ba600, 0xb25c0000)
No shared spaces configured.
}
Event: 141.077 GC heap before
{Heap before GC invocations=456 (full 20):
 def new generation   total 77440K, used 73863K [0xa1800000, 0xa6c00000, 0xa6c00000)
  eden space 68864K, 100% used [0xa1800000, 0xa5b40000, 0xa5b40000)
  from space 8576K,  58% used [0xa5b40000, 0xa6021ea0, 0xa63a0000)
  to   space 8576K,   0% used [0xa63a0000, 0xa63a0000, 0xa6c00000)
 tenured generation   total 172032K, used 168845K [0xa6c00000, 0xb1400000, 0xb1400000)
   the space 172032K,  98% used [0xa6c00000, 0xb10e3680, 0xb10e3800, 0xb1400000)
 compacting perm gen  total 18176K, used 18153K [0xb1400000, 0xb25c0000, 0xb5400000)
   the space 18176K,  99% used [0xb1400000, 0xb25ba538, 0xb25ba600, 0xb25c0000)
No shared spaces configured.
Event: 141.462 GC heap after
Heap after GC invocations=457 (full 21):
 def new generation   total 77440K, used 2843K [0xa1800000, 0xa6c00000, 0xa6c00000)
  eden space 68864K,   4% used [0xa1800000, 0xa1ac6f20, 0xa5b40000)
  from space 8576K,   0% used [0xa5b40000, 0xa5b40000, 0xa63a0000)
  to   space 8576K,   0% used [0xa63a0000, 0xa63a0000, 0xa6c00000)
 tenured generation   total 172032K, used 172031K [0xa6c00000, 0xb1400000, 0xb1400000)
   the space 172032K,  99% used [0xa6c00000, 0xb13ffff0, 0xb1400000, 0xb1400000)
 compacting perm gen  total 18176K, used 18153K [0xb1400000, 0xb25c0000, 0xb5400000)
   the space 18176K,  99% used [0xb1400000, 0xb25ba538, 0xb25ba600, 0xb25c0000)
No shared spaces configured.
}
Event: 141.826 GC heap before
{Heap before GC invocations=457 (full 21):
 def new generation   total 77440K, used 77439K [0xa1800000, 0xa6c00000, 0xa6c00000)
  eden space 68864K, 100% used [0xa1800000, 0xa5b40000, 0xa5b40000)
  from space 8576K,  99% used [0xa5b40000, 0xa639ffe8, 0xa63a0000)
  to   space 8576K,   0% used [0xa63a0000, 0xa63a0000, 0xa6c00000)
 tenured generation   total 172032K, used 172031K [0xa6c00000, 0xb1400000, 0xb1400000)
   the space 172032K,  99% used [0xa6c00000, 0xb13ffff0, 0xb1400000, 0xb1400000)
 compacting perm gen  total 18176K, used 18153K [0xb1400000, 0xb25c0000, 0xb5400000)
   the space 18176K,  99% used [0xb1400000, 0xb25ba538, 0xb25ba600, 0xb25c0000)
No shared spaces configured.
Event: 142.207 GC heap after
Heap after GC invocations=458 (full 22):
 def new generation   total 77440K, used 2467K [0xa1800000, 0xa6c00000, 0xa6c00000)
  eden space 68864K,   3% used [0xa1800000, 0xa1a68e48, 0xa5b40000)
  from space 8576K,   0% used [0xa5b40000, 0xa5b40000, 0xa63a0000)
  to   space 8576K,   0% used [0xa63a0000, 0xa63a0000, 0xa6c00000)
 tenured generation   total 172032K, used 172011K [0xa6c00000, 0xb1400000, 0xb1400000)
   the space 172032K,  99% used [0xa6c00000, 0xb13fad28, 0xb13fae00, 0xb1400000)
 compacting perm gen  total 18176K, used 18153K [0xb1400000, 0xb25c0000, 0xb5400000)
   the space 18176K,  99% used [0xb1400000, 0xb25ba538, 0xb25ba600, 0xb25c0000)
No shared spaces configured.
}
Event: 142.508 GC heap before
{Heap before GC invocations=458 (full 22):
 def new generation   total 77440K, used 77440K [0xa1800000, 0xa6c00000, 0xa6c00000)
  eden space 68864K, 100% used [0xa1800000, 0xa5b40000, 0xa5b40000)
  from space 8576K, 100% used [0xa5b40000, 0xa63a0000, 0xa63a0000)
  to   space 8576K,   0% used [0xa63a0000, 0xa63a0000, 0xa6c00000)
 tenured generation   total 172032K, used 172031K [0xa6c00000, 0xb1400000, 0xb1400000)
   the space 172032K,  99% used [0xa6c00000, 0xb13ffef8, 0xb1400000, 0xb1400000)
 compacting perm gen  total 18176K, used 18153K [0xb1400000, 0xb25c0000, 0xb5400000)
   the space 18176K,  99% used [0xb1400000, 0xb25ba538, 0xb25ba600, 0xb25c0000)
No shared spaces configured.
Event: 142.878 GC heap after
Heap after GC invocations=459 (full 23):
 def new generation   total 77440K, used 1928K [0xa1800000, 0xa6c00000, 0xa6c00000)
  eden space 68864K,   2% used [0xa1800000, 0xa19e21a8, 0xa5b40000)
  from space 8576K,   0% used [0xa5b40000, 0xa5b40000, 0xa63a0000)
  to   space 8576K,   0% used [0xa63a0000, 0xa63a0000, 0xa6c00000)
 tenured generation   total 172032K, used 172031K [0xa6c00000, 0xb1400000, 0xb1400000)
   the space 172032K,  99% used [0xa6c00000, 0xb13fff10, 0xb1400000, 0xb1400000)
 compacting perm gen  total 18176K, used 18153K [0xb1400000, 0xb25c0000, 0xb5400000)
   the space 18176K,  99% used [0xb1400000, 0xb25ba538, 0xb25ba600, 0xb25c0000)
No shared spaces configured.
}
Event: 143.207 GC heap before
{Heap before GC invocations=459 (full 23):
 def new generation   total 77440K, used 77440K [0xa1800000, 0xa6c00000, 0xa6c00000)
  eden space 68864K, 100% used [0xa1800000, 0xa5b40000, 0xa5b40000)
  from space 8576K, 100% used [0xa5b40000, 0xa63a0000, 0xa63a0000)
  to   space 8576K,   0% used [0xa63a0000, 0xa63a0000, 0xa6c00000)
 tenured generation   total 172032K, used 172032K [0xa6c00000, 0xb1400000, 0xb1400000)
   the space 172032K, 100% used [0xa6c00000, 0xb1400000, 0xb1400000, 0xb1400000)
 compacting perm gen  total 18176K, used 18153K [0xb1400000, 0xb25c0000, 0xb5400000)
   the space 18176K,  99% used [0xb1400000, 0xb25ba538, 0xb25ba600, 0xb25c0000)
No shared spaces configured.
Event: 143.648 GC heap after
Heap after GC invocations=460 (full 24):
 def new generation   total 77440K, used 0K [0xa1800000, 0xa6c00000, 0xa6c00000)
  eden space 68864K,   0% used [0xa1800000, 0xa1800000, 0xa5b40000)
  from space 8576K,   0% used [0xa5b40000, 0xa5b40000, 0xa63a0000)
  to   space 8576K,   0% used [0xa63a0000, 0xa63a0000, 0xa6c00000)
 tenured generation   total 172032K, used 171322K [0xa6c00000, 0xb1400000, 0xb1400000)
   the space 172032K,  99% used [0xa6c00000, 0xb134e9a8, 0xb134ea00, 0xb1400000)
 compacting perm gen  total 18176K, used 18153K [0xb1400000, 0xb25c0000, 0xb5400000)
   the space 18176K,  99% used [0xb1400000, 0xb25ba528, 0xb25ba600, 0xb25c0000)
No shared spaces configured.
}
Event: 143.754 GC heap before
{Heap before GC invocations=460 (full 24):
 def new generation   total 77440K, used 68864K [0xa1800000, 0xa6c00000, 0xa6c00000)
  eden space 68864K, 100% used [0xa1800000, 0xa5b40000, 0xa5b40000)
  from space 8576K,   0% used [0xa5b40000, 0xa5b40000, 0xa63a0000)
  to   space 8576K,   0% used [0xa63a0000, 0xa63a0000, 0xa6c00000)
 tenured generation   total 172032K, used 171322K [0xa6c00000, 0xb1400000, 0xb1400000)
   the space 172032K,  99% used [0xa6c00000, 0xb134e9a8, 0xb134ea00, 0xb1400000)
 compacting perm gen  total 18176K, used 18153K [0xb1400000, 0xb25c0000, 0xb5400000)
   the space 18176K,  99% used [0xb1400000, 0xb25ba528, 0xb25ba600, 0xb25c0000)
No shared spaces configured.

