# JRE version: Java(TM) SE Runtime Environment (7.0_67-b01) (build 1.7.0_67-b01)
# Java VM: Java HotSpot(TM) Client VM (24.65-b04 mixed mode linux-x86 )
Heap
 def new generation   total 77440K, used 77440K [0xa1800000, 0xa6c00000, 0xa6c00000)
  eden space 68864K, 100% used [0xa1800000, 0xa5b40000, 0xa5b40000)
  from space 8576K, 100% used [0xa5b40000, 0xa63a0000, 0xa63a0000)
  to   space 8576K,   0% used [0xa63a0000, 0xa63a0000, 0xa6c00000)
 tenured generation   total 172032K, used 172031K [0xa6c00000, 0xb1400000, 0xb1400000)
   the space 172032K,  99% used [0xa6c00000, 0xb13ffff8, 0xb1400000, 0xb1400000)
 compacting perm gen  total 43520K, used 43468K [0xb1400000, 0xb3e80000, 0xb5400000)
   the space 43520K,  99% used [0xb1400000, 0xb3e731a0, 0xb3e73200, 0xb3e80000)
GC Heap History (10 events):
Event: 442.685 GC heap after
Heap after GC invocations=676 (full 195):
 def new generation   total 77440K, used 32670K [0xa1800000, 0xa6c00000, 0xa6c00000)
  eden space 68864K,  47% used [0xa1800000, 0xa37e7bb0, 0xa5b40000)
  from space 8576K,   0% used [0xa5b40000, 0xa5b40000, 0xa63a0000)
  to   space 8576K,   0% used [0xa63a0000, 0xa63a0000, 0xa6c00000)
 tenured generation   total 172032K, used 172031K [0xa6c00000, 0xb1400000, 0xb1400000)
   the space 172032K,  99% used [0xa6c00000, 0xb13fffc8, 0xb1400000, 0xb1400000)
 compacting perm gen  total 43520K, used 43466K [0xb1400000, 0xb3e80000, 0xb5400000)
   the space 43520K,  99% used [0xb1400000, 0xb3e72a58, 0xb3e72c00, 0xb3e80000)
No shared spaces configured.
}
Event: 464.107 GC heap before
{Heap before GC invocations=676 (full 195):
 def new generation   total 77440K, used 77440K [0xa1800000, 0xa6c00000, 0xa6c00000)
  eden space 68864K, 100% used [0xa1800000, 0xa5b40000, 0xa5b40000)
  from space 8576K, 100% used [0xa5b40000, 0xa63a0000, 0xa63a0000)
  to   space 8576K,   0% used [0xa63a0000, 0xa63a0000, 0xa6c00000)
 tenured generation   total 172032K, used 172031K [0xa6c00000, 0xb1400000, 0xb1400000)
   the space 172032K,  99% used [0xa6c00000, 0xb13fffc8, 0xb1400000, 0xb1400000)
 compacting perm gen  total 43520K, used 43466K [0xb1400000, 0xb3e80000, 0xb5400000)
   the space 43520K,  99% used [0xb1400000, 0xb3e72a58, 0xb3e72c00, 0xb3e80000)
No shared spaces configured.
Event: 464.628 GC heap after
Heap after GC invocations=677 (full 196):
 def new generation   total 77440K, used 35393K [0xa1800000, 0xa6c00000, 0xa6c00000)
  eden space 68864K,  51% used [0xa1800000, 0xa3a90410, 0xa5b40000)
  from space 8576K,   0% used [0xa5b40000, 0xa5b40000, 0xa63a0000)
  to   space 8576K,   0% used [0xa63a0000, 0xa63a0000, 0xa6c00000)
 tenured generation   total 172032K, used 172020K [0xa6c00000, 0xb1400000, 0xb1400000)
   the space 172032K,  99% used [0xa6c00000, 0xb13fd388, 0xb13fd400, 0xb1400000)
 compacting perm gen  total 43520K, used 43464K [0xb1400000, 0xb3e80000, 0xb5400000)
   the space 43520K,  99% used [0xb1400000, 0xb3e72380, 0xb3e72400, 0xb3e80000)
No shared spaces configured.
}
Event: 464.802 GC heap before
{Heap before GC invocations=677 (full 196):
 def new generation   total 77440K, used 77439K [0xa1800000, 0xa6c00000, 0xa6c00000)
  eden space 68864K, 100% used [0xa1800000, 0xa5b40000, 0xa5b40000)
  from space 8576K,  99% used [0xa5b40000, 0xa639ffe0, 0xa63a0000)
  to   space 8576K,   0% used [0xa63a0000, 0xa63a0000, 0xa6c00000)
 tenured generation   total 172032K, used 172024K [0xa6c00000, 0xb1400000, 0xb1400000)
   the space 172032K,  99% used [0xa6c00000, 0xb13fe220, 0xb13fe400, 0xb1400000)
 compacting perm gen  total 43520K, used 43464K [0xb1400000, 0xb3e80000, 0xb5400000)
   the space 43520K,  99% used [0xb1400000, 0xb3e723d0, 0xb3e72400, 0xb3e80000)
No shared spaces configured.
Event: 465.236 GC heap after
Heap after GC invocations=678 (full 197):
 def new generation   total 77440K, used 36755K [0xa1800000, 0xa6c00000, 0xa6c00000)
  eden space 68864K,  53% used [0xa1800000, 0xa3be4e08, 0xa5b40000)
  from space 8576K,   0% used [0xa5b40000, 0xa5b40000, 0xa63a0000)
  to   space 8576K,   0% used [0xa63a0000, 0xa63a0000, 0xa6c00000)
 tenured generation   total 172032K, used 172024K [0xa6c00000, 0xb1400000, 0xb1400000)
   the space 172032K,  99% used [0xa6c00000, 0xb13fe220, 0xb13fe400, 0xb1400000)
 compacting perm gen  total 43520K, used 43464K [0xb1400000, 0xb3e80000, 0xb5400000)
   the space 43520K,  99% used [0xb1400000, 0xb3e723d0, 0xb3e72400, 0xb3e80000)
No shared spaces configured.
}
Event: 465.385 GC heap before
{Heap before GC invocations=678 (full 197):
 def new generation   total 77440K, used 77434K [0xa1800000, 0xa6c00000, 0xa6c00000)
  eden space 68864K, 100% used [0xa1800000, 0xa5b40000, 0xa5b40000)
  from space 8576K,  99% used [0xa5b40000, 0xa639e850, 0xa63a0000)
  to   space 8576K,   0% used [0xa63a0000, 0xa63a0000, 0xa6c00000)
 tenured generation   total 172032K, used 172024K [0xa6c00000, 0xb1400000, 0xb1400000)
   the space 172032K,  99% used [0xa6c00000, 0xb13fe220, 0xb13fe400, 0xb1400000)
 compacting perm gen  total 43520K, used 43464K [0xb1400000, 0xb3e80000, 0xb5400000)
   the space 43520K,  99% used [0xb1400000, 0xb3e723e0, 0xb3e72400, 0xb3e80000)
No shared spaces configured.
Event: 465.816 GC heap after
Heap after GC invocations=679 (full 198):
 def new generation   total 77440K, used 40134K [0xa1800000, 0xa6c00000, 0xa6c00000)
  eden space 68864K,  58% used [0xa1800000, 0xa3f31b78, 0xa5b40000)
  from space 8576K,   0% used [0xa5b40000, 0xa5b40000, 0xa63a0000)
  to   space 8576K,   0% used [0xa63a0000, 0xa63a0000, 0xa6c00000)
 tenured generation   total 172032K, used 172024K [0xa6c00000, 0xb1400000, 0xb1400000)
   the space 172032K,  99% used [0xa6c00000, 0xb13fe220, 0xb13fe400, 0xb1400000)
 compacting perm gen  total 43520K, used 43464K [0xb1400000, 0xb3e80000, 0xb5400000)
   the space 43520K,  99% used [0xb1400000, 0xb3e723e0, 0xb3e72400, 0xb3e80000)
No shared spaces configured.
}
Event: 466.078 GC heap before
{Heap before GC invocations=679 (full 198):
 def new generation   total 77440K, used 77440K [0xa1800000, 0xa6c00000, 0xa6c00000)
  eden space 68864K, 100% used [0xa1800000, 0xa5b40000, 0xa5b40000)
  from space 8576K, 100% used [0xa5b40000, 0xa63a0000, 0xa63a0000)
  to   space 8576K,   0% used [0xa63a0000, 0xa63a0000, 0xa6c00000)
 tenured generation   total 172032K, used 172031K [0xa6c00000, 0xb1400000, 0xb1400000)
   the space 172032K,  99% used [0xa6c00000, 0xb13fffa0, 0xb1400000, 0xb1400000)
 compacting perm gen  total 43520K, used 43464K [0xb1400000, 0xb3e80000, 0xb5400000)
   the space 43520K,  99% used [0xb1400000, 0xb3e723f0, 0xb3e72400, 0xb3e80000)
No shared spaces configured.
Event: 466.521 GC heap after
Heap after GC invocations=680 (full 199):
 def new generation   total 77440K, used 44417K [0xa1800000, 0xa6c00000, 0xa6c00000)
  eden space 68864K,  64% used [0xa1800000, 0xa4360530, 0xa5b40000)
  from space 8576K,   0% used [0xa5b40000, 0xa5b40000, 0xa63a0000)
  to   space 8576K,   0% used [0xa63a0000, 0xa63a0000, 0xa6c00000)
 tenured generation   total 172032K, used 172031K [0xa6c00000, 0xb1400000, 0xb1400000)
   the space 172032K,  99% used [0xa6c00000, 0xb13fffa0, 0xb1400000, 0xb1400000)
 compacting perm gen  total 43520K, used 43464K [0xb1400000, 0xb3e80000, 0xb5400000)
   the space 43520K,  99% used [0xb1400000, 0xb3e723f0, 0xb3e72400, 0xb3e80000)
No shared spaces configured.
}
Event: 466.823 GC heap before
{Heap before GC invocations=680 (full 199):
 def new generation   total 77440K, used 77440K [0xa1800000, 0xa6c00000, 0xa6c00000)
  eden space 68864K, 100% used [0xa1800000, 0xa5b40000, 0xa5b40000)
  from space 8576K, 100% used [0xa5b40000, 0xa63a0000, 0xa63a0000)
  to   space 8576K,   0% used [0xa63a0000, 0xa63a0000, 0xa6c00000)
 tenured generation   total 172032K, used 172031K [0xa6c00000, 0xb1400000, 0xb1400000)
   the space 172032K,  99% used [0xa6c00000, 0xb13ffff8, 0xb1400000, 0xb1400000)
 compacting perm gen  total 43520K, used 43468K [0xb1400000, 0xb3e80000, 0xb5400000)
   the space 43520K,  99% used [0xb1400000, 0xb3e731a0, 0xb3e73200, 0xb3e80000)
No shared spaces configured.

