# JRE version: Java(TM) SE Runtime Environment (7.0_67-b01) (build 1.7.0_67-b01)
# Java VM: Java HotSpot(TM) Client VM (24.65-b04 mixed mode linux-x86 )
Heap
 def new generation   total 77440K, used 77439K [0xa1800000, 0xa6c00000, 0xa6c00000)
  eden space 68864K, 100% used [0xa1800000, 0xa5b40000, 0xa5b40000)
  from space 8576K,  99% used [0xa5b40000, 0xa639fff8, 0xa63a0000)
  to   space 8576K,   0% used [0xa63a0000, 0xa63a0000, 0xa6c00000)
 tenured generation   total 172032K, used 172032K [0xa6c00000, 0xb1400000, 0xb1400000)
   the space 172032K, 100% used [0xa6c00000, 0xb1400000, 0xb1400000, 0xb1400000)
 compacting perm gen  total 43520K, used 43462K [0xb1400000, 0xb3e80000, 0xb5400000)
   the space 43520K,  99% used [0xb1400000, 0xb3e718e8, 0xb3e71a00, 0xb3e80000)
GC Heap History (10 events):
Event: 350.994 GC heap after
Heap after GC invocations=625 (full 172):
 def new generation   total 77440K, used 26830K [0xa1800000, 0xa6c00000, 0xa6c00000)
  eden space 68864K,  38% used [0xa1800000, 0xa3233928, 0xa5b40000)
  from space 8576K,   0% used [0xa5b40000, 0xa5b40000, 0xa63a0000)
  to   space 8576K,   0% used [0xa63a0000, 0xa63a0000, 0xa6c00000)
 tenured generation   total 172032K, used 172031K [0xa6c00000, 0xb1400000, 0xb1400000)
   the space 172032K,  99% used [0xa6c00000, 0xb13fffd8, 0xb1400000, 0xb1400000)
 compacting perm gen  total 43264K, used 43218K [0xb1400000, 0xb3e40000, 0xb5400000)
   the space 43264K,  99% used [0xb1400000, 0xb3e34840, 0xb3e34a00, 0xb3e40000)
No shared spaces configured.
}
Event: 352.198 GC heap before
{Heap before GC invocations=625 (full 172):
 def new generation   total 77440K, used 77439K [0xa1800000, 0xa6c00000, 0xa6c00000)
  eden space 68864K, 100% used [0xa1800000, 0xa5b40000, 0xa5b40000)
  from space 8576K,  99% used [0xa5b40000, 0xa639ffd8, 0xa63a0000)
  to   space 8576K,   0% used [0xa63a0000, 0xa63a0000, 0xa6c00000)
 tenured generation   total 172032K, used 172031K [0xa6c00000, 0xb1400000, 0xb1400000)
   the space 172032K,  99% used [0xa6c00000, 0xb13fffd8, 0xb1400000, 0xb1400000)
 compacting perm gen  total 43264K, used 43218K [0xb1400000, 0xb3e40000, 0xb5400000)
   the space 43264K,  99% used [0xb1400000, 0xb3e34840, 0xb3e34a00, 0xb3e40000)
No shared spaces configured.
Event: 352.638 GC heap after
Heap after GC invocations=626 (full 173):
 def new generation   total 77440K, used 28105K [0xa1800000, 0xa6c00000, 0xa6c00000)
  eden space 68864K,  40% used [0xa1800000, 0xa33725e8, 0xa5b40000)
  from space 8576K,   0% used [0xa5b40000, 0xa5b40000, 0xa63a0000)
  to   space 8576K,   0% used [0xa63a0000, 0xa63a0000, 0xa6c00000)
 tenured generation   total 172032K, used 172031K [0xa6c00000, 0xb1400000, 0xb1400000)
   the space 172032K,  99% used [0xa6c00000, 0xb13fffd8, 0xb1400000, 0xb1400000)
 compacting perm gen  total 43264K, used 43218K [0xb1400000, 0xb3e40000, 0xb5400000)
   the space 43264K,  99% used [0xb1400000, 0xb3e34840, 0xb3e34a00, 0xb3e40000)
No shared spaces configured.
}
Event: 353.819 GC heap before
{Heap before GC invocations=626 (full 173):
 def new generation   total 77440K, used 77440K [0xa1800000, 0xa6c00000, 0xa6c00000)
  eden space 68864K, 100% used [0xa1800000, 0xa5b40000, 0xa5b40000)
  from space 8576K, 100% used [0xa5b40000, 0xa63a0000, 0xa63a0000)
  to   space 8576K,   0% used [0xa63a0000, 0xa63a0000, 0xa6c00000)
 tenured generation   total 172032K, used 172031K [0xa6c00000, 0xb1400000, 0xb1400000)
   the space 172032K,  99% used [0xa6c00000, 0xb13ffff0, 0xb1400000, 0xb1400000)
 compacting perm gen  total 43264K, used 43218K [0xb1400000, 0xb3e40000, 0xb5400000)
   the space 43264K,  99% used [0xb1400000, 0xb3e34840, 0xb3e34a00, 0xb3e40000)
No shared spaces configured.
Event: 354.259 GC heap after
Heap after GC invocations=627 (full 174):
 def new generation   total 77440K, used 28759K [0xa1800000, 0xa6c00000, 0xa6c00000)
  eden space 68864K,  41% used [0xa1800000, 0xa3415e18, 0xa5b40000)
  from space 8576K,   0% used [0xa5b40000, 0xa5b40000, 0xa63a0000)
  to   space 8576K,   0% used [0xa63a0000, 0xa63a0000, 0xa6c00000)
 tenured generation   total 172032K, used 172031K [0xa6c00000, 0xb1400000, 0xb1400000)
   the space 172032K,  99% used [0xa6c00000, 0xb13ffff0, 0xb1400000, 0xb1400000)
 compacting perm gen  total 43264K, used 43218K [0xb1400000, 0xb3e40000, 0xb5400000)
   the space 43264K,  99% used [0xb1400000, 0xb3e34840, 0xb3e34a00, 0xb3e40000)
No shared spaces configured.
}
Event: 355.348 GC heap before
{Heap before GC invocations=627 (full 174):
 def new generation   total 77440K, used 77439K [0xa1800000, 0xa6c00000, 0xa6c00000)
  eden space 68864K, 100% used [0xa1800000, 0xa5b40000, 0xa5b40000)
  from space 8576K,  99% used [0xa5b40000, 0xa639ffd0, 0xa63a0000)
  to   space 8576K,   0% used [0xa63a0000, 0xa63a0000, 0xa6c00000)
 tenured generation   total 172032K, used 172031K [0xa6c00000, 0xb1400000, 0xb1400000)
   the space 172032K,  99% used [0xa6c00000, 0xb13ffff0, 0xb1400000, 0xb1400000)
 compacting perm gen  total 43264K, used 43218K [0xb1400000, 0xb3e40000, 0xb5400000)
   the space 43264K,  99% used [0xb1400000, 0xb3e34840, 0xb3e34a00, 0xb3e40000)
No shared spaces configured.
Event: 355.794 GC heap after
Heap after GC invocations=628 (full 175):
 def new generation   total 77440K, used 28990K [0xa1800000, 0xa6c00000, 0xa6c00000)
  eden space 68864K,  42% used [0xa1800000, 0xa344f9c0, 0xa5b40000)
  from space 8576K,   0% used [0xa5b40000, 0xa5b40000, 0xa63a0000)
  to   space 8576K,   0% used [0xa63a0000, 0xa63a0000, 0xa6c00000)
 tenured generation   total 172032K, used 172031K [0xa6c00000, 0xb1400000, 0xb1400000)
   the space 172032K,  99% used [0xa6c00000, 0xb13ffff0, 0xb1400000, 0xb1400000)
 compacting perm gen  total 43264K, used 43218K [0xb1400000, 0xb3e40000, 0xb5400000)
   the space 43264K,  99% used [0xb1400000, 0xb3e34840, 0xb3e34a00, 0xb3e40000)
No shared spaces configured.
}
Event: 356.604 GC heap before
{Heap before GC invocations=628 (full 175):
 def new generation   total 77440K, used 77440K [0xa1800000, 0xa6c00000, 0xa6c00000)
  eden space 68864K, 100% used [0xa1800000, 0xa5b40000, 0xa5b40000)
  from space 8576K, 100% used [0xa5b40000, 0xa63a0000, 0xa63a0000)
  to   space 8576K,   0% used [0xa63a0000, 0xa63a0000, 0xa6c00000)
 tenured generation   total 172032K, used 172031K [0xa6c00000, 0xb1400000, 0xb1400000)
   the space 172032K,  99% used [0xa6c00000, 0xb13ffff0, 0xb1400000, 0xb1400000)
 compacting perm gen  total 43264K, used 43218K [0xb1400000, 0xb3e40000, 0xb5400000)
   the space 43264K,  99% used [0xb1400000, 0xb3e34840, 0xb3e34a00, 0xb3e40000)
No shared spaces configured.
Event: 357.112 GC heap after
Heap after GC invocations=629 (full 176):
 def new generation   total 77440K, used 29024K [0xa1800000, 0xa6c00000, 0xa6c00000)
  eden space 68864K,  42% used [0xa1800000, 0xa3458158, 0xa5b40000)
  from space 8576K,   0% used [0xa5b40000, 0xa5b40000, 0xa63a0000)
  to   space 8576K,   0% used [0xa63a0000, 0xa63a0000, 0xa6c00000)
 tenured generation   total 172032K, used 172032K [0xa6c00000, 0xb1400000, 0xb1400000)
   the space 172032K, 100% used [0xa6c00000, 0xb1400000, 0xb1400000, 0xb1400000)
 compacting perm gen  total 43264K, used 43218K [0xb1400000, 0xb3e40000, 0xb5400000)
   the space 43264K,  99% used [0xb1400000, 0xb3e34840, 0xb3e34a00, 0xb3e40000)
No shared spaces configured.
}
Event: 364.492 GC heap before
{Heap before GC invocations=629 (full 176):
 def new generation   total 77440K, used 77439K [0xa1800000, 0xa6c00000, 0xa6c00000)
  eden space 68864K, 100% used [0xa1800000, 0xa5b40000, 0xa5b40000)
  from space 8576K,  99% used [0xa5b40000, 0xa639fff8, 0xa63a0000)
  to   space 8576K,   0% used [0xa63a0000, 0xa63a0000, 0xa6c00000)
 tenured generation   total 172032K, used 172032K [0xa6c00000, 0xb1400000, 0xb1400000)
   the space 172032K, 100% used [0xa6c00000, 0xb1400000, 0xb1400000, 0xb1400000)
 compacting perm gen  total 43520K, used 43462K [0xb1400000, 0xb3e80000, 0xb5400000)
   the space 43520K,  99% used [0xb1400000, 0xb3e718e8, 0xb3e71a00, 0xb3e80000)
No shared spaces configured.

