# JRE version: Java(TM) SE Runtime Environment (7.0_67-b01) (build 1.7.0_67-b01)
# Java VM: Java HotSpot(TM) Client VM (24.65-b04 mixed mode linux-x86 )
Heap
 def new generation   total 157248K, used 150345K [0x55600000, 0x600a0000, 0x6ab50000)
  eden space 139776K, 100% used [0x55600000, 0x5de80000, 0x5de80000)
  from space 17472K,  60% used [0x5ef90000, 0x5f9e2528, 0x600a0000)
  to   space 17472K,  15% used [0x5de80000, 0x5e12b800, 0x5ef90000)
 tenured generation   total 349568K, used 146674K [0x6ab50000, 0x800b0000, 0x95600000)
   the space 349568K,  41% used [0x6ab50000, 0x73a8c888, 0x73a8ca00, 0x800b0000)
 compacting perm gen  total 262144K, used 18139K [0x95600000, 0xa5600000, 0xb5600000)
   the space 262144K,   6% used [0x95600000, 0x967b6df0, 0x967b6e00, 0xa5600000)
GC Heap History (10 events):
Event: 65.665 GC heap after
Heap after GC invocations=51 (full 0):
 def new generation   total 157248K, used 7149K [0x55600000, 0x600a0000, 0x6ab50000)
  eden space 139776K,   0% used [0x55600000, 0x55600000, 0x5de80000)
  from space 17472K,  40% used [0x5ef90000, 0x5f68b520, 0x600a0000)
  to   space 17472K,   0% used [0x5de80000, 0x5de80000, 0x5ef90000)
 tenured generation   total 349568K, used 139752K [0x6ab50000, 0x800b0000, 0x95600000)
   the space 349568K,  39% used [0x6ab50000, 0x733ca098, 0x733ca200, 0x800b0000)
 compacting perm gen  total 262144K, used 18139K [0x95600000, 0xa5600000, 0xb5600000)
   the space 262144K,   6% used [0x95600000, 0x967b6db0, 0x967b6e00, 0xa5600000)
No shared spaces configured.
}
Event: 66.219 GC heap before
{Heap before GC invocations=51 (full 0):
 def new generation   total 157248K, used 146925K [0x55600000, 0x600a0000, 0x6ab50000)
  eden space 139776K, 100% used [0x55600000, 0x5de80000, 0x5de80000)
  from space 17472K,  40% used [0x5ef90000, 0x5f68b520, 0x600a0000)
  to   space 17472K,   0% used [0x5de80000, 0x5de80000, 0x5ef90000)
 tenured generation   total 349568K, used 139752K [0x6ab50000, 0x800b0000, 0x95600000)
   the space 349568K,  39% used [0x6ab50000, 0x733ca098, 0x733ca200, 0x800b0000)
 compacting perm gen  total 262144K, used 18139K [0x95600000, 0xa5600000, 0xb5600000)
   the space 262144K,   6% used [0x95600000, 0x967b6dd0, 0x967b6e00, 0xa5600000)
No shared spaces configured.
Event: 66.231 GC heap after
Heap after GC invocations=52 (full 0):
 def new generation   total 157248K, used 8637K [0x55600000, 0x600a0000, 0x6ab50000)
  eden space 139776K,   0% used [0x55600000, 0x55600000, 0x5de80000)
  from space 17472K,  49% used [0x5de80000, 0x5e6ef580, 0x5ef90000)
  to   space 17472K,   0% used [0x5ef90000, 0x5ef90000, 0x600a0000)
 tenured generation   total 349568K, used 139752K [0x6ab50000, 0x800b0000, 0x95600000)
   the space 349568K,  39% used [0x6ab50000, 0x733ca098, 0x733ca200, 0x800b0000)
 compacting perm gen  total 262144K, used 18139K [0x95600000, 0xa5600000, 0xb5600000)
   the space 262144K,   6% used [0x95600000, 0x967b6dd0, 0x967b6e00, 0xa5600000)
No shared spaces configured.
}
Event: 66.803 GC heap before
{Heap before GC invocations=52 (full 0):
 def new generation   total 157248K, used 148413K [0x55600000, 0x600a0000, 0x6ab50000)
  eden space 139776K, 100% used [0x55600000, 0x5de80000, 0x5de80000)
  from space 17472K,  49% used [0x5de80000, 0x5e6ef580, 0x5ef90000)
  to   space 17472K,   0% used [0x5ef90000, 0x5ef90000, 0x600a0000)
 tenured generation   total 349568K, used 139752K [0x6ab50000, 0x800b0000, 0x95600000)
   the space 349568K,  39% used [0x6ab50000, 0x733ca098, 0x733ca200, 0x800b0000)
 compacting perm gen  total 262144K, used 18139K [0x95600000, 0xa5600000, 0xb5600000)
   the space 262144K,   6% used [0x95600000, 0x967b6dd0, 0x967b6e00, 0xa5600000)
No shared spaces configured.
Event: 66.830 GC heap after
Heap after GC invocations=53 (full 0):
 def new generation   total 157248K, used 11292K [0x55600000, 0x600a0000, 0x6ab50000)
  eden space 139776K,   0% used [0x55600000, 0x55600000, 0x5de80000)
  from space 17472K,  64% used [0x5ef90000, 0x5fa97080, 0x600a0000)
  to   space 17472K,   0% used [0x5de80000, 0x5de80000, 0x5ef90000)
 tenured generation   total 349568K, used 139752K [0x6ab50000, 0x800b0000, 0x95600000)
   the space 349568K,  39% used [0x6ab50000, 0x733ca098, 0x733ca200, 0x800b0000)
 compacting perm gen  total 262144K, used 18139K [0x95600000, 0xa5600000, 0xb5600000)
   the space 262144K,   6% used [0x95600000, 0x967b6dd0, 0x967b6e00, 0xa5600000)
No shared spaces configured.
}
Event: 67.376 GC heap before
{Heap before GC invocations=53 (full 0):
 def new generation   total 157248K, used 151068K [0x55600000, 0x600a0000, 0x6ab50000)
  eden space 139776K, 100% used [0x55600000, 0x5de80000, 0x5de80000)
  from space 17472K,  64% used [0x5ef90000, 0x5fa97080, 0x600a0000)
  to   space 17472K,   0% used [0x5de80000, 0x5de80000, 0x5ef90000)
 tenured generation   total 349568K, used 139752K [0x6ab50000, 0x800b0000, 0x95600000)
   the space 349568K,  39% used [0x6ab50000, 0x733ca098, 0x733ca200, 0x800b0000)
 compacting perm gen  total 262144K, used 18139K [0x95600000, 0xa5600000, 0xb5600000)
   the space 262144K,   6% used [0x95600000, 0x967b6de0, 0x967b6e00, 0xa5600000)
No shared spaces configured.
Event: 67.402 GC heap after
Heap after GC invocations=54 (full 0):
 def new generation   total 157248K, used 10967K [0x55600000, 0x600a0000, 0x6ab50000)
  eden space 139776K,   0% used [0x55600000, 0x55600000, 0x5de80000)
  from space 17472K,  62% used [0x5de80000, 0x5e935ec0, 0x5ef90000)
  to   space 17472K,   0% used [0x5ef90000, 0x5ef90000, 0x600a0000)
 tenured generation   total 349568K, used 143290K [0x6ab50000, 0x800b0000, 0x95600000)
   the space 349568K,  40% used [0x6ab50000, 0x7373e838, 0x7373ea00, 0x800b0000)
 compacting perm gen  total 262144K, used 18139K [0x95600000, 0xa5600000, 0xb5600000)
   the space 262144K,   6% used [0x95600000, 0x967b6de0, 0x967b6e00, 0xa5600000)
No shared spaces configured.
}
Event: 67.958 GC heap before
{Heap before GC invocations=54 (full 0):
 def new generation   total 157248K, used 150743K [0x55600000, 0x600a0000, 0x6ab50000)
  eden space 139776K, 100% used [0x55600000, 0x5de80000, 0x5de80000)
  from space 17472K,  62% used [0x5de80000, 0x5e935ec0, 0x5ef90000)
  to   space 17472K,   0% used [0x5ef90000, 0x5ef90000, 0x600a0000)
 tenured generation   total 349568K, used 143290K [0x6ab50000, 0x800b0000, 0x95600000)
   the space 349568K,  40% used [0x6ab50000, 0x7373e838, 0x7373ea00, 0x800b0000)
 compacting perm gen  total 262144K, used 18139K [0x95600000, 0xa5600000, 0xb5600000)
   the space 262144K,   6% used [0x95600000, 0x967b6df0, 0x967b6e00, 0xa5600000)
No shared spaces configured.
Event: 67.986 GC heap after
Heap after GC invocations=55 (full 0):
 def new generation   total 157248K, used 10569K [0x55600000, 0x600a0000, 0x6ab50000)
  eden space 139776K,   0% used [0x55600000, 0x55600000, 0x5de80000)
  from space 17472K,  60% used [0x5ef90000, 0x5f9e2528, 0x600a0000)
  to   space 17472K,   0% used [0x5de80000, 0x5de80000, 0x5ef90000)
 tenured generation   total 349568K, used 145583K [0x6ab50000, 0x800b0000, 0x95600000)
   the space 349568K,  41% used [0x6ab50000, 0x7397bfc8, 0x7397c000, 0x800b0000)
 compacting perm gen  total 262144K, used 18139K [0x95600000, 0xa5600000, 0xb5600000)
   the space 262144K,   6% used [0x95600000, 0x967b6df0, 0x967b6e00, 0xa5600000)
No shared spaces configured.
}
Event: 68.551 GC heap before
{Heap before GC invocations=55 (full 0):
 def new generation   total 157248K, used 150345K [0x55600000, 0x600a0000, 0x6ab50000)
  eden space 139776K, 100% used [0x55600000, 0x5de80000, 0x5de80000)
  from space 17472K,  60% used [0x5ef90000, 0x5f9e2528, 0x600a0000)
  to   space 17472K,   0% used [0x5de80000, 0x5de80000, 0x5ef90000)
 tenured generation   total 349568K, used 145583K [0x6ab50000, 0x800b0000, 0x95600000)
   the space 349568K,  41% used [0x6ab50000, 0x7397bfc8, 0x7397c000, 0x800b0000)
 compacting perm gen  total 262144K, used 18139K [0x95600000, 0xa5600000, 0xb5600000)
   the space 262144K,   6% used [0x95600000, 0x967b6df0, 0x967b6e00, 0xa5600000)
No shared spaces configured.

