# JRE version: Java(TM) SE Runtime Environment (7.0_67-b01) (build 1.7.0_67-b01)
# Java VM: Java HotSpot(TM) Client VM (24.65-b04 mixed mode linux-x86 )
Heap
 def new generation   total 157248K, used 132394K [0x91600000, 0x9c0a0000, 0x9c0a0000)
  eden space 139776K,  88% used [0x91600000, 0x98f134b8, 0x99e80000)
  from space 17472K,  48% used [0x9af90000, 0x9b7c7350, 0x9c0a0000)
  to   space 17472K,   0% used [0x99e80000, 0x99e80000, 0x9af90000)
 tenured generation   total 349568K, used 256515K [0x9c0a0000, 0xb1600000, 0xb1600000)
   the space 349568K,  73% used [0x9c0a0000, 0xabb20fc0, 0xabb21000, 0xb1600000)
 compacting perm gen  total 42496K, used 42363K [0xb1600000, 0xb3f80000, 0xb5600000)
   the space 42496K,  99% used [0xb1600000, 0xb3f5ecc0, 0xb3f5ee00, 0xb3f80000)
GC Heap History (10 events):
Event: 257.913 GC heap before
{Heap before GC invocations=495 (full 15):
 def new generation   total 157248K, used 150398K [0x91600000, 0x9c0a0000, 0x9c0a0000)
  eden space 139776K, 100% used [0x91600000, 0x99e80000, 0x99e80000)
  from space 17472K,  60% used [0x99e80000, 0x9a8df880, 0x9af90000)
  to   space 17472K,   0% used [0x9af90000, 0x9af90000, 0x9c0a0000)
 tenured generation   total 349568K, used 247928K [0x9c0a0000, 0xb1600000, 0xb1600000)
   the space 349568K,  70% used [0x9c0a0000, 0xab2be248, 0xab2be400, 0xb1600000)
 compacting perm gen  total 42496K, used 42355K [0xb1600000, 0xb3f80000, 0xb5600000)
   the space 42496K,  99% used [0xb1600000, 0xb3f5ce98, 0xb3f5d000, 0xb3f80000)
No shared spaces configured.
Event: 257.943 GC heap after
Heap after GC invocations=496 (full 15):
 def new generation   total 157248K, used 9673K [0x91600000, 0x9c0a0000, 0x9c0a0000)
  eden space 139776K,   0% used [0x91600000, 0x91600000, 0x99e80000)
  from space 17472K,  55% used [0x9af90000, 0x9b9026a8, 0x9c0a0000)
  to   space 17472K,   0% used [0x99e80000, 0x99e80000, 0x9af90000)
 tenured generation   total 349568K, used 250335K [0x9c0a0000, 0xb1600000, 0xb1600000)
   the space 349568K,  71% used [0x9c0a0000, 0xab517c88, 0xab517e00, 0xb1600000)
 compacting perm gen  total 42496K, used 42355K [0xb1600000, 0xb3f80000, 0xb5600000)
   the space 42496K,  99% used [0xb1600000, 0xb3f5ce98, 0xb3f5d000, 0xb3f80000)
No shared spaces configured.
}
Event: 259.387 GC heap before
{Heap before GC invocations=496 (full 15):
 def new generation   total 157248K, used 149449K [0x91600000, 0x9c0a0000, 0x9c0a0000)
  eden space 139776K, 100% used [0x91600000, 0x99e80000, 0x99e80000)
  from space 17472K,  55% used [0x9af90000, 0x9b9026a8, 0x9c0a0000)
  to   space 17472K,   0% used [0x99e80000, 0x99e80000, 0x9af90000)
 tenured generation   total 349568K, used 250335K [0x9c0a0000, 0xb1600000, 0xb1600000)
   the space 349568K,  71% used [0x9c0a0000, 0xab517c88, 0xab517e00, 0xb1600000)
 compacting perm gen  total 42496K, used 42355K [0xb1600000, 0xb3f80000, 0xb5600000)
   the space 42496K,  99% used [0xb1600000, 0xb3f5ce98, 0xb3f5d000, 0xb3f80000)
No shared spaces configured.
Event: 259.416 GC heap after
Heap after GC invocations=497 (full 15):
 def new generation   total 157248K, used 10967K [0x91600000, 0x9c0a0000, 0x9c0a0000)
  eden space 139776K,   0% used [0x91600000, 0x91600000, 0x99e80000)
  from space 17472K,  62% used [0x99e80000, 0x9a935e08, 0x9af90000)
  to   space 17472K,   0% used [0x9af90000, 0x9af90000, 0x9c0a0000)
 tenured generation   total 349568K, used 251765K [0x9c0a0000, 0xb1600000, 0xb1600000)
   the space 349568K,  72% used [0x9c0a0000, 0xab67d4a8, 0xab67d600, 0xb1600000)
 compacting perm gen  total 42496K, used 42355K [0xb1600000, 0xb3f80000, 0xb5600000)
   the space 42496K,  99% used [0xb1600000, 0xb3f5ce98, 0xb3f5d000, 0xb3f80000)
No shared spaces configured.
}
Event: 261.658 GC heap before
{Heap before GC invocations=497 (full 15):
 def new generation   total 157248K, used 150743K [0x91600000, 0x9c0a0000, 0x9c0a0000)
  eden space 139776K, 100% used [0x91600000, 0x99e80000, 0x99e80000)
  from space 17472K,  62% used [0x99e80000, 0x9a935e08, 0x9af90000)
  to   space 17472K,   0% used [0x9af90000, 0x9af90000, 0x9c0a0000)
 tenured generation   total 349568K, used 251765K [0x9c0a0000, 0xb1600000, 0xb1600000)
   the space 349568K,  72% used [0x9c0a0000, 0xab67d4a8, 0xab67d600, 0xb1600000)
 compacting perm gen  total 42496K, used 42362K [0xb1600000, 0xb3f80000, 0xb5600000)
   the space 42496K,  99% used [0xb1600000, 0xb3f5e9f0, 0xb3f5ea00, 0xb3f80000)
No shared spaces configured.
Event: 261.695 GC heap after
Heap after GC invocations=498 (full 15):
 def new generation   total 157248K, used 8972K [0x91600000, 0x9c0a0000, 0x9c0a0000)
  eden space 139776K,   0% used [0x91600000, 0x91600000, 0x99e80000)
  from space 17472K,  51% used [0x9af90000, 0x9b853278, 0x9c0a0000)
  to   space 17472K,   0% used [0x99e80000, 0x99e80000, 0x9af90000)
 tenured generation   total 349568K, used 254985K [0x9c0a0000, 0xb1600000, 0xb1600000)
   the space 349568K,  72% used [0x9c0a0000, 0xab9a2510, 0xab9a2600, 0xb1600000)
 compacting perm gen  total 42496K, used 42362K [0xb1600000, 0xb3f80000, 0xb5600000)
   the space 42496K,  99% used [0xb1600000, 0xb3f5e9f0, 0xb3f5ea00, 0xb3f80000)
No shared spaces configured.
}
Event: 265.408 GC heap before
{Heap before GC invocations=498 (full 15):
 def new generation   total 157248K, used 148748K [0x91600000, 0x9c0a0000, 0x9c0a0000)
  eden space 139776K, 100% used [0x91600000, 0x99e80000, 0x99e80000)
  from space 17472K,  51% used [0x9af90000, 0x9b853278, 0x9c0a0000)
  to   space 17472K,   0% used [0x99e80000, 0x99e80000, 0x9af90000)
 tenured generation   total 349568K, used 254985K [0x9c0a0000, 0xb1600000, 0xb1600000)
   the space 349568K,  72% used [0x9c0a0000, 0xab9a2510, 0xab9a2600, 0xb1600000)
 compacting perm gen  total 42496K, used 42362K [0xb1600000, 0xb3f80000, 0xb5600000)
   the space 42496K,  99% used [0xb1600000, 0xb3f5ea10, 0xb3f5ec00, 0xb3f80000)
No shared spaces configured.
Event: 265.444 GC heap after
Heap after GC invocations=499 (full 15):
 def new generation   total 157248K, used 7496K [0x91600000, 0x9c0a0000, 0x9c0a0000)
  eden space 139776K,   0% used [0x91600000, 0x91600000, 0x99e80000)
  from space 17472K,  42% used [0x99e80000, 0x9a5d2290, 0x9af90000)
  to   space 17472K,   0% used [0x9af90000, 0x9af90000, 0x9c0a0000)
 tenured generation   total 349568K, used 256515K [0x9c0a0000, 0xb1600000, 0xb1600000)
   the space 349568K,  73% used [0x9c0a0000, 0xabb20fc0, 0xabb21000, 0xb1600000)
 compacting perm gen  total 42496K, used 42362K [0xb1600000, 0xb3f80000, 0xb5600000)
   the space 42496K,  99% used [0xb1600000, 0xb3f5ea10, 0xb3f5ec00, 0xb3f80000)
No shared spaces configured.
}
Event: 267.931 GC heap before
{Heap before GC invocations=499 (full 15):
 def new generation   total 157248K, used 147272K [0x91600000, 0x9c0a0000, 0x9c0a0000)
  eden space 139776K, 100% used [0x91600000, 0x99e80000, 0x99e80000)
  from space 17472K,  42% used [0x99e80000, 0x9a5d2290, 0x9af90000)
  to   space 17472K,   0% used [0x9af90000, 0x9af90000, 0x9c0a0000)
 tenured generation   total 349568K, used 256515K [0x9c0a0000, 0xb1600000, 0xb1600000)
   the space 349568K,  73% used [0x9c0a0000, 0xabb20fc0, 0xabb21000, 0xb1600000)
 compacting perm gen  total 42496K, used 42362K [0xb1600000, 0xb3f80000, 0xb5600000)
   the space 42496K,  99% used [0xb1600000, 0xb3f5ea50, 0xb3f5ec00, 0xb3f80000)
No shared spaces configured.
Event: 267.965 GC heap after
Heap after GC invocations=500 (full 15):
 def new generation   total 157248K, used 8412K [0x91600000, 0x9c0a0000, 0x9c0a0000)
  eden space 139776K,   0% used [0x91600000, 0x91600000, 0x99e80000)
  from space 17472K,  48% used [0x9af90000, 0x9b7c7350, 0x9c0a0000)
  to   space 17472K,   0% used [0x99e80000, 0x99e80000, 0x9af90000)
 tenured generation   total 349568K, used 256515K [0x9c0a0000, 0xb1600000, 0xb1600000)
   the space 349568K,  73% used [0x9c0a0000, 0xabb20fc0, 0xabb21000, 0xb1600000)
 compacting perm gen  total 42496K, used 42362K [0xb1600000, 0xb3f80000, 0xb5600000)
   the space 42496K,  99% used [0xb1600000, 0xb3f5ea50, 0xb3f5ec00, 0xb3f80000)
No shared spaces configured.
}

