# JRE version: Java(TM) SE Runtime Environment (7.0_67-b01) (build 1.7.0_67-b01)
# Java VM: Java HotSpot(TM) Client VM (24.65-b04 mixed mode linux-x86 )
Heap
 def new generation   total 54016K, used 12772K [0x91400000, 0x94e90000, 0x9bea0000)
  eden space 48064K,  14% used [0x91400000, 0x91ac2ad8, 0x942f0000)
  from space 5952K,  98% used [0x942f0000, 0x948a6528, 0x948c0000)
  to   space 5952K,   0% used [0x948c0000, 0x948c0000, 0x94e90000)
 tenured generation   total 119912K, used 94285K [0x9bea0000, 0xa33ba000, 0xb1400000)
   the space 119912K,  78% used [0x9bea0000, 0xa1ab3478, 0xa1ab3600, 0xa33ba000)
 compacting perm gen  total 17920K, used 17714K [0xb1400000, 0xb2580000, 0xb5400000)
   the space 17920K,  98% used [0xb1400000, 0xb254c9e8, 0xb254ca00, 0xb2580000)
GC Heap History (10 events):
Event: 26.217 GC heap before
{Heap before GC invocations=131 (full 6):
 def new generation   total 54016K, used 49110K [0x91400000, 0x94e90000, 0x9bea0000)
  eden space 48064K, 100% used [0x91400000, 0x942f0000, 0x942f0000)
  from space 5952K,  17% used [0x948c0000, 0x949c5b68, 0x94e90000)
  to   space 5952K,   0% used [0x942f0000, 0x942f0000, 0x948c0000)
 tenured generation   total 119912K, used 78582K [0x9bea0000, 0xa33ba000, 0xb1400000)
   the space 119912K,  65% used [0x9bea0000, 0xa0b5dbd8, 0xa0b5dc00, 0xa33ba000)
 compacting perm gen  total 16128K, used 16105K [0xb1400000, 0xb23c0000, 0xb5400000)
   the space 16128K,  99% used [0xb1400000, 0xb23ba5c0, 0xb23ba600, 0xb23c0000)
No shared spaces configured.
Event: 26.221 GC heap after
Heap after GC invocations=132 (full 6):
 def new generation   total 54016K, used 1059K [0x91400000, 0x94e90000, 0x9bea0000)
  eden space 48064K,   0% used [0x91400000, 0x91400000, 0x942f0000)
  from space 5952K,  17% used [0x942f0000, 0x943f8ef0, 0x948c0000)
  to   space 5952K,   0% used [0x948c0000, 0x948c0000, 0x94e90000)
 tenured generation   total 119912K, used 78582K [0x9bea0000, 0xa33ba000, 0xb1400000)
   the space 119912K,  65% used [0x9bea0000, 0xa0b5dbd8, 0xa0b5dc00, 0xa33ba000)
 compacting perm gen  total 16128K, used 16105K [0xb1400000, 0xb23c0000, 0xb5400000)
   the space 16128K,  99% used [0xb1400000, 0xb23ba5c0, 0xb23ba600, 0xb23c0000)
No shared spaces configured.
}
Event: 26.327 GC heap before
{Heap before GC invocations=132 (full 6):
 def new generation   total 54016K, used 49123K [0x91400000, 0x94e90000, 0x9bea0000)
  eden space 48064K, 100% used [0x91400000, 0x942f0000, 0x942f0000)
  from space 5952K,  17% used [0x942f0000, 0x943f8ef0, 0x948c0000)
  to   space 5952K,   0% used [0x948c0000, 0x948c0000, 0x94e90000)
 tenured generation   total 119912K, used 78582K [0x9bea0000, 0xa33ba000, 0xb1400000)
   the space 119912K,  65% used [0x9bea0000, 0xa0b5dbd8, 0xa0b5dc00, 0xa33ba000)
 compacting perm gen  total 16128K, used 16105K [0xb1400000, 0xb23c0000, 0xb5400000)
   the space 16128K,  99% used [0xb1400000, 0xb23ba5c0, 0xb23ba600, 0xb23c0000)
No shared spaces configured.
Event: 26.330 GC heap after
Heap after GC invocations=133 (full 6):
 def new generation   total 54016K, used 1324K [0x91400000, 0x94e90000, 0x9bea0000)
  eden space 48064K,   0% used [0x91400000, 0x91400000, 0x942f0000)
  from space 5952K,  22% used [0x948c0000, 0x94a0b0d0, 0x94e90000)
  to   space 5952K,   0% used [0x942f0000, 0x942f0000, 0x948c0000)
 tenured generation   total 119912K, used 78582K [0x9bea0000, 0xa33ba000, 0xb1400000)
   the space 119912K,  65% used [0x9bea0000, 0xa0b5dbd8, 0xa0b5dc00, 0xa33ba000)
 compacting perm gen  total 16128K, used 16105K [0xb1400000, 0xb23c0000, 0xb5400000)
   the space 16128K,  99% used [0xb1400000, 0xb23ba5c0, 0xb23ba600, 0xb23c0000)
No shared spaces configured.
}
Event: 27.306 GC heap before
{Heap before GC invocations=133 (full 6):
 def new generation   total 54016K, used 49388K [0x91400000, 0x94e90000, 0x9bea0000)
  eden space 48064K, 100% used [0x91400000, 0x942f0000, 0x942f0000)
  from space 5952K,  22% used [0x948c0000, 0x94a0b0d0, 0x94e90000)
  to   space 5952K,   0% used [0x942f0000, 0x942f0000, 0x948c0000)
 tenured generation   total 119912K, used 78582K [0x9bea0000, 0xa33ba000, 0xb1400000)
   the space 119912K,  65% used [0x9bea0000, 0xa0b5dbd8, 0xa0b5dc00, 0xa33ba000)
 compacting perm gen  total 17408K, used 17304K [0xb1400000, 0xb2500000, 0xb5400000)
   the space 17408K,  99% used [0xb1400000, 0xb24e60a8, 0xb24e6200, 0xb2500000)
No shared spaces configured.
Event: 27.365 GC heap after
Heap after GC invocations=134 (full 6):
 def new generation   total 54016K, used 5952K [0x91400000, 0x94e90000, 0x9bea0000)
  eden space 48064K,   0% used [0x91400000, 0x91400000, 0x942f0000)
  from space 5952K, 100% used [0x942f0000, 0x948c0000, 0x948c0000)
  to   space 5952K,   0% used [0x948c0000, 0x948c0000, 0x94e90000)
 tenured generation   total 119912K, used 83103K [0x9bea0000, 0xa33ba000, 0xb1400000)
   the space 119912K,  69% used [0x9bea0000, 0xa0fc7f18, 0xa0fc8000, 0xa33ba000)
 compacting perm gen  total 17408K, used 17304K [0xb1400000, 0xb2500000, 0xb5400000)
   the space 17408K,  99% used [0xb1400000, 0xb24e60a8, 0xb24e6200, 0xb2500000)
No shared spaces configured.
}
Event: 28.089 GC heap before
{Heap before GC invocations=134 (full 6):
 def new generation   total 54016K, used 54016K [0x91400000, 0x94e90000, 0x9bea0000)
  eden space 48064K, 100% used [0x91400000, 0x942f0000, 0x942f0000)
  from space 5952K, 100% used [0x942f0000, 0x948c0000, 0x948c0000)
  to   space 5952K,   0% used [0x948c0000, 0x948c0000, 0x94e90000)
 tenured generation   total 119912K, used 83103K [0x9bea0000, 0xa33ba000, 0xb1400000)
   the space 119912K,  69% used [0x9bea0000, 0xa0fc7f18, 0xa0fc8000, 0xa33ba000)
 compacting perm gen  total 17408K, used 17353K [0xb1400000, 0xb2500000, 0xb5400000)
   the space 17408K,  99% used [0xb1400000, 0xb24f24a0, 0xb24f2600, 0xb2500000)
No shared spaces configured.
Event: 28.137 GC heap after
Heap after GC invocations=135 (full 6):
 def new generation   total 54016K, used 5326K [0x91400000, 0x94e90000, 0x9bea0000)
  eden space 48064K,   0% used [0x91400000, 0x91400000, 0x942f0000)
  from space 5952K,  89% used [0x948c0000, 0x94df3a88, 0x94e90000)
  to   space 5952K,   0% used [0x942f0000, 0x942f0000, 0x948c0000)
 tenured generation   total 119912K, used 89048K [0x9bea0000, 0xa33ba000, 0xb1400000)
   the space 119912K,  74% used [0x9bea0000, 0xa1596058, 0xa1596200, 0xa33ba000)
 compacting perm gen  total 17408K, used 17353K [0xb1400000, 0xb2500000, 0xb5400000)
   the space 17408K,  99% used [0xb1400000, 0xb24f24a0, 0xb24f2600, 0xb2500000)
No shared spaces configured.
}
Event: 28.398 GC heap before
{Heap before GC invocations=135 (full 6):
 def new generation   total 54016K, used 53098K [0x91400000, 0x94e90000, 0x9bea0000)
  eden space 48064K,  99% used [0x91400000, 0x942a6ec8, 0x942f0000)
  from space 5952K,  89% used [0x948c0000, 0x94df3a88, 0x94e90000)
  to   space 5952K,   0% used [0x942f0000, 0x942f0000, 0x948c0000)
 tenured generation   total 119912K, used 89048K [0x9bea0000, 0xa33ba000, 0xb1400000)
   the space 119912K,  74% used [0x9bea0000, 0xa1596058, 0xa1596200, 0xa33ba000)
 compacting perm gen  total 17920K, used 17669K [0xb1400000, 0xb2580000, 0xb5400000)
   the space 17920K,  98% used [0xb1400000, 0xb2541680, 0xb2541800, 0xb2580000)
No shared spaces configured.
Event: 28.439 GC heap after
Heap after GC invocations=136 (full 6):
 def new generation   total 54016K, used 5849K [0x91400000, 0x94e90000, 0x9bea0000)
  eden space 48064K,   0% used [0x91400000, 0x91400000, 0x942f0000)
  from space 5952K,  98% used [0x942f0000, 0x948a6528, 0x948c0000)
  to   space 5952K,   0% used [0x948c0000, 0x948c0000, 0x94e90000)
 tenured generation   total 119912K, used 94285K [0x9bea0000, 0xa33ba000, 0xb1400000)
   the space 119912K,  78% used [0x9bea0000, 0xa1ab3478, 0xa1ab3600, 0xa33ba000)
 compacting perm gen  total 17920K, used 17669K [0xb1400000, 0xb2580000, 0xb5400000)
   the space 17920K,  98% used [0xb1400000, 0xb2541680, 0xb2541800, 0xb2580000)
No shared spaces configured.
}

