# JRE version: Java(TM) SE Runtime Environment (7.0_67-b01) (build 1.7.0_67-b01)
# Java VM: Java HotSpot(TM) Client VM (24.65-b04 mixed mode linux-x86 )
Heap
 def new generation   total 21056K, used 9105K [0x91400000, 0x92ad0000, 0x9bea0000)
  eden space 18752K,  37% used [0x91400000, 0x91adf670, 0x92650000)
  from space 2304K,  89% used [0x92650000, 0x92854e90, 0x92890000)
  to   space 2304K,   0% used [0x92890000, 0x92890000, 0x92ad0000)
 tenured generation   total 46652K, used 42777K [0x9bea0000, 0x9ec2f000, 0xb1400000)
   the space 46652K,  91% used [0x9bea0000, 0x9e866410, 0x9e866600, 0x9ec2f000)
 compacting perm gen  total 16128K, used 16085K [0xb1400000, 0xb23c0000, 0xb5400000)
   the space 16128K,  99% used [0xb1400000, 0xb23b5658, 0xb23b5800, 0xb23c0000)
GC Heap History (10 events):
Event: 17.450 GC heap before
{Heap before GC invocations=109 (full 4):
 def new generation   total 21056K, used 20655K [0x91400000, 0x92ad0000, 0x9bea0000)
  eden space 18752K, 100% used [0x91400000, 0x92650000, 0x92650000)
  from space 2304K,  82% used [0x92890000, 0x92a6bd88, 0x92ad0000)
  to   space 2304K,   0% used [0x92650000, 0x92650000, 0x92890000)
 tenured generation   total 46652K, used 33261K [0x9bea0000, 0x9ec2f000, 0xb1400000)
   the space 46652K,  71% used [0x9bea0000, 0x9df1b5a8, 0x9df1b600, 0x9ec2f000)
 compacting perm gen  total 16128K, used 16085K [0xb1400000, 0xb23c0000, 0xb5400000)
   the space 16128K,  99% used [0xb1400000, 0xb23b5658, 0xb23b5800, 0xb23c0000)
No shared spaces configured.
Event: 17.494 GC heap after
Heap after GC invocations=110 (full 4):
 def new generation   total 21056K, used 1916K [0x91400000, 0x92ad0000, 0x9bea0000)
  eden space 18752K,   0% used [0x91400000, 0x91400000, 0x92650000)
  from space 2304K,  83% used [0x92650000, 0x9282f148, 0x92890000)
  to   space 2304K,   0% used [0x92890000, 0x92890000, 0x92ad0000)
 tenured generation   total 46652K, used 35138K [0x9bea0000, 0x9ec2f000, 0xb1400000)
   the space 46652K,  75% used [0x9bea0000, 0x9e0f0ab0, 0x9e0f0c00, 0x9ec2f000)
 compacting perm gen  total 16128K, used 16085K [0xb1400000, 0xb23c0000, 0xb5400000)
   the space 16128K,  99% used [0xb1400000, 0xb23b5658, 0xb23b5800, 0xb23c0000)
No shared spaces configured.
}
Event: 17.653 GC heap before
{Heap before GC invocations=110 (full 4):
 def new generation   total 21056K, used 20668K [0x91400000, 0x92ad0000, 0x9bea0000)
  eden space 18752K, 100% used [0x91400000, 0x92650000, 0x92650000)
  from space 2304K,  83% used [0x92650000, 0x9282f148, 0x92890000)
  to   space 2304K,   0% used [0x92890000, 0x92890000, 0x92ad0000)
 tenured generation   total 46652K, used 35138K [0x9bea0000, 0x9ec2f000, 0xb1400000)
   the space 46652K,  75% used [0x9bea0000, 0x9e0f0ab0, 0x9e0f0c00, 0x9ec2f000)
 compacting perm gen  total 16128K, used 16085K [0xb1400000, 0xb23c0000, 0xb5400000)
   the space 16128K,  99% used [0xb1400000, 0xb23b5658, 0xb23b5800, 0xb23c0000)
No shared spaces configured.
Event: 17.693 GC heap after
Heap after GC invocations=111 (full 4):
 def new generation   total 21056K, used 1719K [0x91400000, 0x92ad0000, 0x9bea0000)
  eden space 18752K,   0% used [0x91400000, 0x91400000, 0x92650000)
  from space 2304K,  74% used [0x92890000, 0x92a3dda8, 0x92ad0000)
  to   space 2304K,   0% used [0x92650000, 0x92650000, 0x92890000)
 tenured generation   total 46652K, used 36993K [0x9bea0000, 0x9ec2f000, 0xb1400000)
   the space 46652K,  79% used [0x9bea0000, 0x9e2c0488, 0x9e2c0600, 0x9ec2f000)
 compacting perm gen  total 16128K, used 16085K [0xb1400000, 0xb23c0000, 0xb5400000)
   the space 16128K,  99% used [0xb1400000, 0xb23b5658, 0xb23b5800, 0xb23c0000)
No shared spaces configured.
}
Event: 17.876 GC heap before
{Heap before GC invocations=111 (full 4):
 def new generation   total 21056K, used 20471K [0x91400000, 0x92ad0000, 0x9bea0000)
  eden space 18752K, 100% used [0x91400000, 0x92650000, 0x92650000)
  from space 2304K,  74% used [0x92890000, 0x92a3dda8, 0x92ad0000)
  to   space 2304K,   0% used [0x92650000, 0x92650000, 0x92890000)
 tenured generation   total 46652K, used 36993K [0x9bea0000, 0x9ec2f000, 0xb1400000)
   the space 46652K,  79% used [0x9bea0000, 0x9e2c0488, 0x9e2c0600, 0x9ec2f000)
 compacting perm gen  total 16128K, used 16085K [0xb1400000, 0xb23c0000, 0xb5400000)
   the space 16128K,  99% used [0xb1400000, 0xb23b5658, 0xb23b5800, 0xb23c0000)
No shared spaces configured.
Event: 17.906 GC heap after
Heap after GC invocations=112 (full 4):
 def new generation   total 21056K, used 2125K [0x91400000, 0x92ad0000, 0x9bea0000)
  eden space 18752K,   0% used [0x91400000, 0x91400000, 0x92650000)
  from space 2304K,  92% used [0x92650000, 0x92863758, 0x92890000)
  to   space 2304K,   0% used [0x92890000, 0x92890000, 0x92ad0000)
 tenured generation   total 46652K, used 38673K [0x9bea0000, 0x9ec2f000, 0xb1400000)
   the space 46652K,  82% used [0x9bea0000, 0x9e464508, 0x9e464600, 0x9ec2f000)
 compacting perm gen  total 16128K, used 16085K [0xb1400000, 0xb23c0000, 0xb5400000)
   the space 16128K,  99% used [0xb1400000, 0xb23b5658, 0xb23b5800, 0xb23c0000)
No shared spaces configured.
}
Event: 18.069 GC heap before
{Heap before GC invocations=112 (full 4):
 def new generation   total 21056K, used 20877K [0x91400000, 0x92ad0000, 0x9bea0000)
  eden space 18752K, 100% used [0x91400000, 0x92650000, 0x92650000)
  from space 2304K,  92% used [0x92650000, 0x92863758, 0x92890000)
  to   space 2304K,   0% used [0x92890000, 0x92890000, 0x92ad0000)
 tenured generation   total 46652K, used 38673K [0x9bea0000, 0x9ec2f000, 0xb1400000)
   the space 46652K,  82% used [0x9bea0000, 0x9e464508, 0x9e464600, 0x9ec2f000)
 compacting perm gen  total 16128K, used 16085K [0xb1400000, 0xb23c0000, 0xb5400000)
   the space 16128K,  99% used [0xb1400000, 0xb23b5658, 0xb23b5800, 0xb23c0000)
No shared spaces configured.
Event: 18.115 GC heap after
Heap after GC invocations=113 (full 4):
 def new generation   total 21056K, used 2062K [0x91400000, 0x92ad0000, 0x9bea0000)
  eden space 18752K,   0% used [0x91400000, 0x91400000, 0x92650000)
  from space 2304K,  89% used [0x92890000, 0x92a93a28, 0x92ad0000)
  to   space 2304K,   0% used [0x92650000, 0x92650000, 0x92890000)
 tenured generation   total 46652K, used 40761K [0x9bea0000, 0x9ec2f000, 0xb1400000)
   the space 46652K,  87% used [0x9bea0000, 0x9e66e758, 0x9e66e800, 0x9ec2f000)
 compacting perm gen  total 16128K, used 16085K [0xb1400000, 0xb23c0000, 0xb5400000)
   the space 16128K,  99% used [0xb1400000, 0xb23b5658, 0xb23b5800, 0xb23c0000)
No shared spaces configured.
}
Event: 18.358 GC heap before
{Heap before GC invocations=113 (full 4):
 def new generation   total 21056K, used 20814K [0x91400000, 0x92ad0000, 0x9bea0000)
  eden space 18752K, 100% used [0x91400000, 0x92650000, 0x92650000)
  from space 2304K,  89% used [0x92890000, 0x92a93a28, 0x92ad0000)
  to   space 2304K,   0% used [0x92650000, 0x92650000, 0x92890000)
 tenured generation   total 46652K, used 40761K [0x9bea0000, 0x9ec2f000, 0xb1400000)
   the space 46652K,  87% used [0x9bea0000, 0x9e66e758, 0x9e66e800, 0x9ec2f000)
 compacting perm gen  total 16128K, used 16085K [0xb1400000, 0xb23c0000, 0xb5400000)
   the space 16128K,  99% used [0xb1400000, 0xb23b5658, 0xb23b5800, 0xb23c0000)
No shared spaces configured.
Event: 18.421 GC heap after
Heap after GC invocations=114 (full 4):
 def new generation   total 21056K, used 2067K [0x91400000, 0x92ad0000, 0x9bea0000)
  eden space 18752K,   0% used [0x91400000, 0x91400000, 0x92650000)
  from space 2304K,  89% used [0x92650000, 0x92854e90, 0x92890000)
  to   space 2304K,   0% used [0x92890000, 0x92890000, 0x92ad0000)
 tenured generation   total 46652K, used 42777K [0x9bea0000, 0x9ec2f000, 0xb1400000)
   the space 46652K,  91% used [0x9bea0000, 0x9e866410, 0x9e866600, 0x9ec2f000)
 compacting perm gen  total 16128K, used 16085K [0xb1400000, 0xb23c0000, 0xb5400000)
   the space 16128K,  99% used [0xb1400000, 0xb23b5658, 0xb23b5800, 0xb23c0000)
No shared spaces configured.
}

