# JRE version: Java(TM) SE Runtime Environment (7.0_67-b01) (build 1.7.0_67-b01)
# Java VM: Java HotSpot(TM) Client VM (24.65-b04 mixed mode linux-x86 )
Heap
 def new generation   total 35840K, used 0K [0x91400000, 0x93ae0000, 0x9bea0000)
  eden space 31872K,   0% used [0x91400000, 0x91400000, 0x93320000)
  from space 3968K,   0% used [0x93700000, 0x93700000, 0x93ae0000)
  to   space 3968K,   0% used [0x93320000, 0x93320000, 0x93700000)
 tenured generation   total 82404K, used 81397K [0x9bea0000, 0xa0f19000, 0xb1400000)
   the space 82404K,  98% used [0x9bea0000, 0xa0e1d468, 0xa0e1d600, 0xa0f19000)
 compacting perm gen  total 16128K, used 16107K [0xb1400000, 0xb23c0000, 0xb5400000)
   the space 16128K,  99% used [0xb1400000, 0xb23baf08, 0xb23bb000, 0xb23c0000)
GC Heap History (10 events):
Event: 18.351 GC heap after
Heap after GC invocations=120 (full 5):
 def new generation   total 35840K, used 3020K [0x91400000, 0x93ae0000, 0x9bea0000)
  eden space 31872K,   0% used [0x91400000, 0x91400000, 0x93320000)
  from space 3968K,  76% used [0x93320000, 0x93613048, 0x93700000)
  to   space 3968K,   0% used [0x93700000, 0x93700000, 0x93ae0000)
 tenured generation   total 79588K, used 65670K [0x9bea0000, 0xa0c59000, 0xb1400000)
   the space 79588K,  82% used [0x9bea0000, 0x9fec1818, 0x9fec1a00, 0xa0c59000)
 compacting perm gen  total 16128K, used 16091K [0xb1400000, 0xb23c0000, 0xb5400000)
   the space 16128K,  99% used [0xb1400000, 0xb23b6f90, 0xb23b7000, 0xb23c0000)
No shared spaces configured.
}
Event: 18.944 GC heap before
{Heap before GC invocations=120 (full 5):
 def new generation   total 35840K, used 34892K [0x91400000, 0x93ae0000, 0x9bea0000)
  eden space 31872K, 100% used [0x91400000, 0x93320000, 0x93320000)
  from space 3968K,  76% used [0x93320000, 0x93613048, 0x93700000)
  to   space 3968K,   0% used [0x93700000, 0x93700000, 0x93ae0000)
 tenured generation   total 79588K, used 65670K [0x9bea0000, 0xa0c59000, 0xb1400000)
   the space 79588K,  82% used [0x9bea0000, 0x9fec1818, 0x9fec1a00, 0xa0c59000)
 compacting perm gen  total 16128K, used 16091K [0xb1400000, 0xb23c0000, 0xb5400000)
   the space 16128K,  99% used [0xb1400000, 0xb23b6fa0, 0xb23b7000, 0xb23c0000)
No shared spaces configured.
Event: 18.970 GC heap after
Heap after GC invocations=121 (full 5):
 def new generation   total 35840K, used 3008K [0x91400000, 0x93ae0000, 0x9bea0000)
  eden space 31872K,   0% used [0x91400000, 0x91400000, 0x93320000)
  from space 3968K,  75% used [0x93700000, 0x939f0210, 0x93ae0000)
  to   space 3968K,   0% used [0x93320000, 0x93320000, 0x93700000)
 tenured generation   total 79588K, used 68624K [0x9bea0000, 0xa0c59000, 0xb1400000)
   the space 79588K,  86% used [0x9bea0000, 0xa01a43c0, 0xa01a4400, 0xa0c59000)
 compacting perm gen  total 16128K, used 16091K [0xb1400000, 0xb23c0000, 0xb5400000)
   the space 16128K,  99% used [0xb1400000, 0xb23b6fa0, 0xb23b7000, 0xb23c0000)
No shared spaces configured.
}
Event: 19.601 GC heap before
{Heap before GC invocations=121 (full 5):
 def new generation   total 35840K, used 34880K [0x91400000, 0x93ae0000, 0x9bea0000)
  eden space 31872K, 100% used [0x91400000, 0x93320000, 0x93320000)
  from space 3968K,  75% used [0x93700000, 0x939f0210, 0x93ae0000)
  to   space 3968K,   0% used [0x93320000, 0x93320000, 0x93700000)
 tenured generation   total 79588K, used 68624K [0x9bea0000, 0xa0c59000, 0xb1400000)
   the space 79588K,  86% used [0x9bea0000, 0xa01a43c0, 0xa01a4400, 0xa0c59000)
 compacting perm gen  total 16128K, used 16091K [0xb1400000, 0xb23c0000, 0xb5400000)
   the space 16128K,  99% used [0xb1400000, 0xb23b6fb0, 0xb23b7000, 0xb23c0000)
No shared spaces configured.
Event: 19.658 GC heap after
Heap after GC invocations=122 (full 5):
 def new generation   total 35840K, used 3015K [0x91400000, 0x93ae0000, 0x9bea0000)
  eden space 31872K,   0% used [0x91400000, 0x91400000, 0x93320000)
  from space 3968K,  76% used [0x93320000, 0x93611f78, 0x93700000)
  to   space 3968K,   0% used [0x93700000, 0x93700000, 0x93ae0000)
 tenured generation   total 79588K, used 71574K [0x9bea0000, 0xa0c59000, 0xb1400000)
   the space 79588K,  89% used [0x9bea0000, 0xa04859e8, 0xa0485a00, 0xa0c59000)
 compacting perm gen  total 16128K, used 16091K [0xb1400000, 0xb23c0000, 0xb5400000)
   the space 16128K,  99% used [0xb1400000, 0xb23b6fb0, 0xb23b7000, 0xb23c0000)
No shared spaces configured.
}
Event: 20.612 GC heap before
{Heap before GC invocations=122 (full 5):
 def new generation   total 35840K, used 34887K [0x91400000, 0x93ae0000, 0x9bea0000)
  eden space 31872K, 100% used [0x91400000, 0x93320000, 0x93320000)
  from space 3968K,  76% used [0x93320000, 0x93611f78, 0x93700000)
  to   space 3968K,   0% used [0x93700000, 0x93700000, 0x93ae0000)
 tenured generation   total 79588K, used 71574K [0x9bea0000, 0xa0c59000, 0xb1400000)
   the space 79588K,  89% used [0x9bea0000, 0xa04859e8, 0xa0485a00, 0xa0c59000)
 compacting perm gen  total 16128K, used 16091K [0xb1400000, 0xb23c0000, 0xb5400000)
   the space 16128K,  99% used [0xb1400000, 0xb23b6fd0, 0xb23b7000, 0xb23c0000)
No shared spaces configured.
Event: 20.643 GC heap after
Heap after GC invocations=123 (full 5):
 def new generation   total 35840K, used 3967K [0x91400000, 0x93ae0000, 0x9bea0000)
  eden space 31872K,   0% used [0x91400000, 0x91400000, 0x93320000)
  from space 3968K,  99% used [0x93700000, 0x93adfff8, 0x93ae0000)
  to   space 3968K,   0% used [0x93320000, 0x93320000, 0x93700000)
 tenured generation   total 79588K, used 75544K [0x9bea0000, 0xa0c59000, 0xb1400000)
   the space 79588K,  94% used [0x9bea0000, 0xa08661a8, 0xa0866200, 0xa0c59000)
 compacting perm gen  total 16128K, used 16091K [0xb1400000, 0xb23c0000, 0xb5400000)
   the space 16128K,  99% used [0xb1400000, 0xb23b6fd0, 0xb23b7000, 0xb23c0000)
No shared spaces configured.
}
Event: 21.232 GC heap before
{Heap before GC invocations=123 (full 5):
 def new generation   total 35840K, used 35839K [0x91400000, 0x93ae0000, 0x9bea0000)
  eden space 31872K, 100% used [0x91400000, 0x93320000, 0x93320000)
  from space 3968K,  99% used [0x93700000, 0x93adfff8, 0x93ae0000)
  to   space 3968K,   0% used [0x93320000, 0x93320000, 0x93700000)
 tenured generation   total 79588K, used 75544K [0x9bea0000, 0xa0c59000, 0xb1400000)
   the space 79588K,  94% used [0x9bea0000, 0xa08661a8, 0xa0866200, 0xa0c59000)
 compacting perm gen  total 16128K, used 16093K [0xb1400000, 0xb23c0000, 0xb5400000)
   the space 16128K,  99% used [0xb1400000, 0xb23b7430, 0xb23b7600, 0xb23c0000)
No shared spaces configured.
Event: 21.258 GC heap after
Heap after GC invocations=124 (full 5):
 def new generation   total 35840K, used 2880K [0x91400000, 0x93ae0000, 0x9bea0000)
  eden space 31872K,   0% used [0x91400000, 0x91400000, 0x93320000)
  from space 3968K,  72% used [0x93320000, 0x935f0008, 0x93700000)
  to   space 3968K,   0% used [0x93700000, 0x93700000, 0x93ae0000)
 tenured generation   total 79588K, used 79474K [0x9bea0000, 0xa0c59000, 0xb1400000)
   the space 79588K,  99% used [0x9bea0000, 0xa0c3c840, 0xa0c3ca00, 0xa0c59000)
 compacting perm gen  total 16128K, used 16093K [0xb1400000, 0xb23c0000, 0xb5400000)
   the space 16128K,  99% used [0xb1400000, 0xb23b7430, 0xb23b7600, 0xb23c0000)
No shared spaces configured.
}
Event: 21.636 GC heap before
{Heap before GC invocations=124 (full 5):
 def new generation   total 35840K, used 34752K [0x91400000, 0x93ae0000, 0x9bea0000)
  eden space 31872K, 100% used [0x91400000, 0x93320000, 0x93320000)
  from space 3968K,  72% used [0x93320000, 0x935f0008, 0x93700000)
  to   space 3968K,   0% used [0x93700000, 0x93700000, 0x93ae0000)
 tenured generation   total 79588K, used 79474K [0x9bea0000, 0xa0c59000, 0xb1400000)
   the space 79588K,  99% used [0x9bea0000, 0xa0c3c840, 0xa0c3ca00, 0xa0c59000)
 compacting perm gen  total 16128K, used 16107K [0xb1400000, 0xb23c0000, 0xb5400000)
   the space 16128K,  99% used [0xb1400000, 0xb23baf08, 0xb23bb000, 0xb23c0000)
No shared spaces configured.

