# JRE version: Java(TM) SE Runtime Environment (7.0_67-b01) (build 1.7.0_67-b01)
# Java VM: Java HotSpot(TM) Client VM (24.65-b04 mixed mode linux-x86 )
Heap
 def new generation   total 13376K, used 1471K [0x91400000, 0x92280000, 0x9bea0000)
  eden space 11904K,   0% used [0x91400000, 0x91400000, 0x91fa0000)
  from space 1472K,  99% used [0x91fa0000, 0x9210fff8, 0x92110000)
  to   space 1472K,   0% used [0x92110000, 0x92110000, 0x92280000)
 tenured generation   total 30056K, used 30016K [0x9bea0000, 0x9dbfa000, 0xb1400000)
   the space 30056K,  99% used [0x9bea0000, 0x9dbf0148, 0x9d1e2400, 0x9dbfa000)
 compacting perm gen  total 14848K, used 14778K [0xb1400000, 0xb2280000, 0xb5400000)
   the space 14848K,  99% used [0xb1400000, 0xb226e8f0, 0xb226aa00, 0xb2280000)
GC Heap History (10 events):
Event: 8.431 GC heap after
Heap after GC invocations=74 (full 3):
 def new generation   total 13376K, used 1025K [0x91400000, 0x92280000, 0x9bea0000)
  eden space 11904K,   0% used [0x91400000, 0x91400000, 0x91fa0000)
  from space 1472K,  69% used [0x92110000, 0x92210590, 0x92280000)
  to   space 1472K,   0% used [0x91fa0000, 0x91fa0000, 0x92110000)
 tenured generation   total 29672K, used 25341K [0x9bea0000, 0x9db9a000, 0xb1400000)
   the space 29672K,  85% used [0x9bea0000, 0x9d75f538, 0x9d75f600, 0x9db9a000)
 compacting perm gen  total 13056K, used 13007K [0xb1400000, 0xb20c0000, 0xb5400000)
   the space 13056K,  99% used [0xb1400000, 0xb20b3f58, 0xb20b4000, 0xb20c0000)
No shared spaces configured.
}
Event: 8.567 GC heap before
{Heap before GC invocations=74 (full 3):
 def new generation   total 13376K, used 12929K [0x91400000, 0x92280000, 0x9bea0000)
  eden space 11904K, 100% used [0x91400000, 0x91fa0000, 0x91fa0000)
  from space 1472K,  69% used [0x92110000, 0x92210590, 0x92280000)
  to   space 1472K,   0% used [0x91fa0000, 0x91fa0000, 0x92110000)
 tenured generation   total 29672K, used 25341K [0x9bea0000, 0x9db9a000, 0xb1400000)
   the space 29672K,  85% used [0x9bea0000, 0x9d75f538, 0x9d75f600, 0x9db9a000)
 compacting perm gen  total 13568K, used 13411K [0xb1400000, 0xb2140000, 0xb5400000)
   the space 13568K,  98% used [0xb1400000, 0xb2118dd0, 0xb2118e00, 0xb2140000)
No shared spaces configured.
Event: 8.571 GC heap after
Heap after GC invocations=75 (full 3):
 def new generation   total 13376K, used 1181K [0x91400000, 0x92280000, 0x9bea0000)
  eden space 11904K,   0% used [0x91400000, 0x91400000, 0x91fa0000)
  from space 1472K,  80% used [0x91fa0000, 0x920c75b0, 0x92110000)
  to   space 1472K,   0% used [0x92110000, 0x92110000, 0x92280000)
 tenured generation   total 29672K, used 25860K [0x9bea0000, 0x9db9a000, 0xb1400000)
   the space 29672K,  87% used [0x9bea0000, 0x9d7e10f0, 0x9d7e1200, 0x9db9a000)
 compacting perm gen  total 13568K, used 13411K [0xb1400000, 0xb2140000, 0xb5400000)
   the space 13568K,  98% used [0xb1400000, 0xb2118dd0, 0xb2118e00, 0xb2140000)
No shared spaces configured.
}
Event: 8.730 GC heap before
{Heap before GC invocations=75 (full 3):
 def new generation   total 13376K, used 13085K [0x91400000, 0x92280000, 0x9bea0000)
  eden space 11904K, 100% used [0x91400000, 0x91fa0000, 0x91fa0000)
  from space 1472K,  80% used [0x91fa0000, 0x920c75b0, 0x92110000)
  to   space 1472K,   0% used [0x92110000, 0x92110000, 0x92280000)
 tenured generation   total 29672K, used 25860K [0x9bea0000, 0x9db9a000, 0xb1400000)
   the space 29672K,  87% used [0x9bea0000, 0x9d7e10f0, 0x9d7e1200, 0x9db9a000)
 compacting perm gen  total 13824K, used 13787K [0xb1400000, 0xb2180000, 0xb5400000)
   the space 13824K,  99% used [0xb1400000, 0xb2176c58, 0xb2176e00, 0xb2180000)
No shared spaces configured.
Event: 8.736 GC heap after
Heap after GC invocations=76 (full 3):
 def new generation   total 13376K, used 947K [0x91400000, 0x92280000, 0x9bea0000)
  eden space 11904K,   0% used [0x91400000, 0x91400000, 0x91fa0000)
  from space 1472K,  64% used [0x92110000, 0x921fcd70, 0x92280000)
  to   space 1472K,   0% used [0x91fa0000, 0x91fa0000, 0x92110000)
 tenured generation   total 29672K, used 26448K [0x9bea0000, 0x9db9a000, 0xb1400000)
   the space 29672K,  89% used [0x9bea0000, 0x9d874348, 0x9d874400, 0x9db9a000)
 compacting perm gen  total 13824K, used 13787K [0xb1400000, 0xb2180000, 0xb5400000)
   the space 13824K,  99% used [0xb1400000, 0xb2176c58, 0xb2176e00, 0xb2180000)
No shared spaces configured.
}
Event: 8.824 GC heap before
{Heap before GC invocations=76 (full 3):
 def new generation   total 13376K, used 12851K [0x91400000, 0x92280000, 0x9bea0000)
  eden space 11904K, 100% used [0x91400000, 0x91fa0000, 0x91fa0000)
  from space 1472K,  64% used [0x92110000, 0x921fcd70, 0x92280000)
  to   space 1472K,   0% used [0x91fa0000, 0x91fa0000, 0x92110000)
 tenured generation   total 29672K, used 26448K [0x9bea0000, 0x9db9a000, 0xb1400000)
   the space 29672K,  89% used [0x9bea0000, 0x9d874348, 0x9d874400, 0x9db9a000)
 compacting perm gen  total 14336K, used 14110K [0xb1400000, 0xb2200000, 0xb5400000)
   the space 14336K,  98% used [0xb1400000, 0xb21c78a0, 0xb21c7a00, 0xb2200000)
No shared spaces configured.
Event: 8.833 GC heap after
Heap after GC invocations=77 (full 3):
 def new generation   total 13376K, used 1472K [0x91400000, 0x92280000, 0x9bea0000)
  eden space 11904K,   0% used [0x91400000, 0x91400000, 0x91fa0000)
  from space 1472K, 100% used [0x91fa0000, 0x92110000, 0x92110000)
  to   space 1472K,   0% used [0x92110000, 0x92110000, 0x92280000)
 tenured generation   total 29672K, used 27549K [0x9bea0000, 0x9db9a000, 0xb1400000)
   the space 29672K,  92% used [0x9bea0000, 0x9d987660, 0x9d987800, 0x9db9a000)
 compacting perm gen  total 14336K, used 14110K [0xb1400000, 0xb2200000, 0xb5400000)
   the space 14336K,  98% used [0xb1400000, 0xb21c78a0, 0xb21c7a00, 0xb2200000)
No shared spaces configured.
}
Event: 8.981 GC heap before
{Heap before GC invocations=77 (full 3):
 def new generation   total 13376K, used 13376K [0x91400000, 0x92280000, 0x9bea0000)
  eden space 11904K, 100% used [0x91400000, 0x91fa0000, 0x91fa0000)
  from space 1472K, 100% used [0x91fa0000, 0x92110000, 0x92110000)
  to   space 1472K,   0% used [0x92110000, 0x92110000, 0x92280000)
 tenured generation   total 29672K, used 27549K [0x9bea0000, 0x9db9a000, 0xb1400000)
   the space 29672K,  92% used [0x9bea0000, 0x9d987660, 0x9d987800, 0x9db9a000)
 compacting perm gen  total 14592K, used 14476K [0xb1400000, 0xb2240000, 0xb5400000)
   the space 14592K,  99% used [0xb1400000, 0xb22233c0, 0xb2223400, 0xb2240000)
No shared spaces configured.
Event: 8.995 GC heap after
Heap after GC invocations=78 (full 3):
 def new generation   total 13376K, used 1086K [0x91400000, 0x92280000, 0x9bea0000)
  eden space 11904K,   0% used [0x91400000, 0x91400000, 0x91fa0000)
  from space 1472K,  73% used [0x92110000, 0x9221fae0, 0x92280000)
  to   space 1472K,   0% used [0x91fa0000, 0x91fa0000, 0x92110000)
 tenured generation   total 29672K, used 29015K [0x9bea0000, 0x9db9a000, 0xb1400000)
   the space 29672K,  97% used [0x9bea0000, 0x9daf5da8, 0x9daf5e00, 0x9db9a000)
 compacting perm gen  total 14592K, used 14476K [0xb1400000, 0xb2240000, 0xb5400000)
   the space 14592K,  99% used [0xb1400000, 0xb22233c0, 0xb2223400, 0xb2240000)
No shared spaces configured.
}
Event: 9.185 GC heap before
{Heap before GC invocations=78 (full 3):
 def new generation   total 13376K, used 12990K [0x91400000, 0x92280000, 0x9bea0000)
  eden space 11904K, 100% used [0x91400000, 0x91fa0000, 0x91fa0000)
  from space 1472K,  73% used [0x92110000, 0x9221fae0, 0x92280000)
  to   space 1472K,   0% used [0x91fa0000, 0x91fa0000, 0x92110000)
 tenured generation   total 29672K, used 29015K [0x9bea0000, 0x9db9a000, 0xb1400000)
   the space 29672K,  97% used [0x9bea0000, 0x9daf5da8, 0x9daf5e00, 0x9db9a000)
 compacting perm gen  total 14848K, used 14778K [0xb1400000, 0xb2280000, 0xb5400000)
   the space 14848K,  99% used [0xb1400000, 0xb226e8f0, 0xb226ea00, 0xb2280000)
No shared spaces configured.

