# JRE version: Java(TM) SE Runtime Environment (7.0_67-b01) (build 1.7.0_67-b01)
# Java VM: Java HotSpot(TM) Client VM (24.65-b04 mixed mode linux-x86 )
Heap
 def new generation   total 16704K, used 0K [0x91400000, 0x92610000, 0x9bea0000)
  eden space 14912K,   0% used [0x91400000, 0x91400000, 0x92290000)
  from space 1792K,   0% used [0x92450000, 0x92450000, 0x92610000)
  to   space 1792K,   0% used [0x92290000, 0x92290000, 0x92450000)
 tenured generation   total 37276K, used 35761K [0x9bea0000, 0x9e307000, 0xb1400000)
   the space 37276K,  95% used [0x9bea0000, 0x9e18c518, 0x9e18c600, 0x9e307000)
 compacting perm gen  total 18688K, used 18535K [0xb1400000, 0xb2640000, 0xb5400000)
   the space 18688K,  99% used [0xb1400000, 0xb2619d70, 0xb2619e00, 0xb2640000)
GC Heap History (10 events):
Event: 12.001 GC heap after
Heap after GC invocations=96 (full 4):
 def new generation   total 16704K, used 680K [0x91400000, 0x92610000, 0x9bea0000)
  eden space 14912K,   0% used [0x91400000, 0x91400000, 0x92290000)
  from space 1792K,  37% used [0x92290000, 0x9233a058, 0x92450000)
  to   space 1792K,   0% used [0x92450000, 0x92450000, 0x92610000)
 tenured generation   total 36892K, used 32132K [0x9bea0000, 0x9e2a7000, 0xb1400000)
   the space 36892K,  87% used [0x9bea0000, 0x9de01338, 0x9de01400, 0x9e2a7000)
 compacting perm gen  total 17408K, used 17338K [0xb1400000, 0xb2500000, 0xb5400000)
   the space 17408K,  99% used [0xb1400000, 0xb24eeae8, 0xb24eec00, 0xb2500000)
No shared spaces configured.
}
Event: 12.073 GC heap before
{Heap before GC invocations=96 (full 4):
 def new generation   total 16704K, used 15592K [0x91400000, 0x92610000, 0x9bea0000)
  eden space 14912K, 100% used [0x91400000, 0x92290000, 0x92290000)
  from space 1792K,  37% used [0x92290000, 0x9233a058, 0x92450000)
  to   space 1792K,   0% used [0x92450000, 0x92450000, 0x92610000)
 tenured generation   total 36892K, used 32132K [0x9bea0000, 0x9e2a7000, 0xb1400000)
   the space 36892K,  87% used [0x9bea0000, 0x9de01338, 0x9de01400, 0x9e2a7000)
 compacting perm gen  total 17408K, used 17348K [0xb1400000, 0xb2500000, 0xb5400000)
   the space 17408K,  99% used [0xb1400000, 0xb24f10a8, 0xb24f1200, 0xb2500000)
No shared spaces configured.
Event: 12.076 GC heap after
Heap after GC invocations=97 (full 4):
 def new generation   total 16704K, used 813K [0x91400000, 0x92610000, 0x9bea0000)
  eden space 14912K,   0% used [0x91400000, 0x91400000, 0x92290000)
  from space 1792K,  45% used [0x92450000, 0x9251b738, 0x92610000)
  to   space 1792K,   0% used [0x92290000, 0x92290000, 0x92450000)
 tenured generation   total 36892K, used 32132K [0x9bea0000, 0x9e2a7000, 0xb1400000)
   the space 36892K,  87% used [0x9bea0000, 0x9de01338, 0x9de01400, 0x9e2a7000)
 compacting perm gen  total 17408K, used 17348K [0xb1400000, 0xb2500000, 0xb5400000)
   the space 17408K,  99% used [0xb1400000, 0xb24f10a8, 0xb24f1200, 0xb2500000)
No shared spaces configured.
}
Event: 12.139 GC heap before
{Heap before GC invocations=97 (full 4):
 def new generation   total 16704K, used 15725K [0x91400000, 0x92610000, 0x9bea0000)
  eden space 14912K, 100% used [0x91400000, 0x92290000, 0x92290000)
  from space 1792K,  45% used [0x92450000, 0x9251b738, 0x92610000)
  to   space 1792K,   0% used [0x92290000, 0x92290000, 0x92450000)
 tenured generation   total 36892K, used 32132K [0x9bea0000, 0x9e2a7000, 0xb1400000)
   the space 36892K,  87% used [0x9bea0000, 0x9de01338, 0x9de01400, 0x9e2a7000)
 compacting perm gen  total 17408K, used 17348K [0xb1400000, 0xb2500000, 0xb5400000)
   the space 17408K,  99% used [0xb1400000, 0xb24f10a8, 0xb24f1200, 0xb2500000)
No shared spaces configured.
Event: 12.142 GC heap after
Heap after GC invocations=98 (full 4):
 def new generation   total 16704K, used 902K [0x91400000, 0x92610000, 0x9bea0000)
  eden space 14912K,   0% used [0x91400000, 0x91400000, 0x92290000)
  from space 1792K,  50% used [0x92290000, 0x92371998, 0x92450000)
  to   space 1792K,   0% used [0x92450000, 0x92450000, 0x92610000)
 tenured generation   total 36892K, used 32132K [0x9bea0000, 0x9e2a7000, 0xb1400000)
   the space 36892K,  87% used [0x9bea0000, 0x9de01338, 0x9de01400, 0x9e2a7000)
 compacting perm gen  total 17408K, used 17348K [0xb1400000, 0xb2500000, 0xb5400000)
   the space 17408K,  99% used [0xb1400000, 0xb24f10a8, 0xb24f1200, 0xb2500000)
No shared spaces configured.
}
Event: 12.303 GC heap before
{Heap before GC invocations=98 (full 4):
 def new generation   total 16704K, used 15814K [0x91400000, 0x92610000, 0x9bea0000)
  eden space 14912K, 100% used [0x91400000, 0x92290000, 0x92290000)
  from space 1792K,  50% used [0x92290000, 0x92371998, 0x92450000)
  to   space 1792K,   0% used [0x92450000, 0x92450000, 0x92610000)
 tenured generation   total 36892K, used 32132K [0x9bea0000, 0x9e2a7000, 0xb1400000)
   the space 36892K,  87% used [0x9bea0000, 0x9de01338, 0x9de01400, 0x9e2a7000)
 compacting perm gen  total 18176K, used 18015K [0xb1400000, 0xb25c0000, 0xb5400000)
   the space 18176K,  99% used [0xb1400000, 0xb2597c38, 0xb2597e00, 0xb25c0000)
No shared spaces configured.
Event: 12.308 GC heap after
Heap after GC invocations=99 (full 4):
 def new generation   total 16704K, used 1792K [0x91400000, 0x92610000, 0x9bea0000)
  eden space 14912K,   0% used [0x91400000, 0x91400000, 0x92290000)
  from space 1792K, 100% used [0x92450000, 0x92610000, 0x92610000)
  to   space 1792K,   0% used [0x92290000, 0x92290000, 0x92450000)
 tenured generation   total 36892K, used 33011K [0x9bea0000, 0x9e2a7000, 0xb1400000)
   the space 36892K,  89% used [0x9bea0000, 0x9dedce88, 0x9dedd000, 0x9e2a7000)
 compacting perm gen  total 18176K, used 18015K [0xb1400000, 0xb25c0000, 0xb5400000)
   the space 18176K,  99% used [0xb1400000, 0xb2597c38, 0xb2597e00, 0xb25c0000)
No shared spaces configured.
}
Event: 12.741 GC heap before
{Heap before GC invocations=99 (full 4):
 def new generation   total 16704K, used 16704K [0x91400000, 0x92610000, 0x9bea0000)
  eden space 14912K, 100% used [0x91400000, 0x92290000, 0x92290000)
  from space 1792K, 100% used [0x92450000, 0x92610000, 0x92610000)
  to   space 1792K,   0% used [0x92290000, 0x92290000, 0x92450000)
 tenured generation   total 36892K, used 33011K [0x9bea0000, 0x9e2a7000, 0xb1400000)
   the space 36892K,  89% used [0x9bea0000, 0x9dedce88, 0x9dedd000, 0x9e2a7000)
 compacting perm gen  total 18688K, used 18498K [0xb1400000, 0xb2640000, 0xb5400000)
   the space 18688K,  98% used [0xb1400000, 0xb2610a68, 0xb2610c00, 0xb2640000)
No shared spaces configured.
Event: 12.767 GC heap after
Heap after GC invocations=100 (full 4):
 def new generation   total 16704K, used 1792K [0x91400000, 0x92610000, 0x9bea0000)
  eden space 14912K,   0% used [0x91400000, 0x91400000, 0x92290000)
  from space 1792K, 100% used [0x92290000, 0x92450000, 0x92450000)
  to   space 1792K,   0% used [0x92450000, 0x92450000, 0x92610000)
 tenured generation   total 36892K, used 35396K [0x9bea0000, 0x9e2a7000, 0xb1400000)
   the space 36892K,  95% used [0x9bea0000, 0x9e1313d8, 0x9e131400, 0x9e2a7000)
 compacting perm gen  total 18688K, used 18498K [0xb1400000, 0xb2640000, 0xb5400000)
   the space 18688K,  98% used [0xb1400000, 0xb2610a68, 0xb2610c00, 0xb2640000)
No shared spaces configured.
}
Event: 13.003 GC heap before
{Heap before GC invocations=100 (full 4):
 def new generation   total 16704K, used 16704K [0x91400000, 0x92610000, 0x9bea0000)
  eden space 14912K, 100% used [0x91400000, 0x92290000, 0x92290000)
  from space 1792K, 100% used [0x92290000, 0x92450000, 0x92450000)
  to   space 1792K,   0% used [0x92450000, 0x92450000, 0x92610000)
 tenured generation   total 36892K, used 35396K [0x9bea0000, 0x9e2a7000, 0xb1400000)
   the space 36892K,  95% used [0x9bea0000, 0x9e1313d8, 0x9e131400, 0x9e2a7000)
 compacting perm gen  total 18688K, used 18535K [0xb1400000, 0xb2640000, 0xb5400000)
   the space 18688K,  99% used [0xb1400000, 0xb2619d70, 0xb2619e00, 0xb2640000)
No shared spaces configured.

